2022-12-01 00:59:30.005 - INFO - 8919 - azureml.train.automl._local_managed_utils.is_docker_installed:354 - Docker is installed with Docker version 20.10.21+azure-1, build baeda1f82a10204ec5708d5fbba130ad76cfee49
.
2022-12-01 00:59:30.008 - INFO - 8919 - azureml.train.automl.automlconfig._start_execution:167 - No compute target or run config provided. Running local legacy run.
2022-12-01 00:59:30.014 - INFO - 8919 - azureml.train.automl.automlconfig._start_execution:216 - Submitting local legacy run.
2022-12-01 00:59:30.021 - INFO - 8919 - azureml.automl.core.package_utilities._log_activity:55 - ActivityStarted: PackagesCheck
2022-12-01 00:59:30.024 - INFO - 8919 - azureml.automl.core.package_utilities._has_versionconflict_or_not_installed:277 - Package: azureml-pipeline-core, Version: 1.47.0 found.
2022-12-01 00:59:30.024 - INFO - 8919 - azureml.automl.core.package_utilities._has_versionconflict_or_not_installed:277 - Package: azureml-train-core, Version: 1.47.0 found.
2022-12-01 00:59:30.024 - INFO - 8919 - azureml.automl.core.package_utilities._has_versionconflict_or_not_installed:277 - Package: azureml-train-automl-client, Version: 1.47.0 found.
2022-12-01 00:59:30.031 - INFO - 8919 - azureml.automl.core.package_utilities._has_versionconflict_or_not_installed:277 - Package: interpret-community, Version: 0.27.0 found.
2022-12-01 00:59:30.031 - INFO - 8919 - azureml.automl.core.package_utilities._has_versionconflict_or_not_installed:277 - Package: azureml-core, Version: 1.47.0 found.
2022-12-01 00:59:30.031 - INFO - 8919 - azureml.automl.core.package_utilities._has_versionconflict_or_not_installed:277 - Package: numpy, Version: 1.21.6 found.
2022-12-01 00:59:30.031 - INFO - 8919 - azureml.automl.core.package_utilities._has_versionconflict_or_not_installed:277 - Package: numba, Version: 0.55.2 found.
2022-12-01 00:59:30.032 - INFO - 8919 - azureml.automl.core.package_utilities._has_versionconflict_or_not_installed:277 - Package: shap, Version: 0.39.0 found.
2022-12-01 00:59:30.032 - INFO - 8919 - azureml.automl.core.package_utilities._has_versionconflict_or_not_installed:277 - Package: azureml-train-restclients-hyperdrive, Version: 1.47.0 found.
2022-12-01 00:59:30.032 - INFO - 8919 - azureml.automl.core.package_utilities._has_versionconflict_or_not_installed:277 - Package: azureml-core, Version: 1.47.0 found.
2022-12-01 00:59:30.032 - INFO - 8919 - azureml.automl.core.package_utilities._has_versionconflict_or_not_installed:277 - Package: azureml-telemetry, Version: 1.47.0 found.
2022-12-01 00:59:30.033 - INFO - 8919 - azureml.automl.core.package_utilities._has_versionconflict_or_not_installed:277 - Package: msrest, Version: 0.7.1 found.
2022-12-01 00:59:30.033 - INFO - 8919 - azureml.automl.core.package_utilities._has_versionconflict_or_not_installed:277 - Package: requests, Version: 2.28.1 found.
2022-12-01 00:59:30.033 - INFO - 8919 - azureml.automl.core.package_utilities._has_versionconflict_or_not_installed:277 - Package: msrestazure, Version: 0.6.4 found.
2022-12-01 00:59:30.033 - INFO - 8919 - azureml.automl.core.package_utilities._has_versionconflict_or_not_installed:277 - Package: azure-mgmt-authorization, Version: 2.0.0 found.
2022-12-01 00:59:30.034 - INFO - 8919 - azureml.automl.core.package_utilities._has_versionconflict_or_not_installed:277 - Package: packaging, Version: 21.3 found.
2022-12-01 00:59:30.034 - INFO - 8919 - azureml.automl.core.package_utilities._has_versionconflict_or_not_installed:277 - Package: ndg-httpsclient, Version: 0.5.1 found.
2022-12-01 00:59:30.034 - INFO - 8919 - azureml.automl.core.package_utilities._has_versionconflict_or_not_installed:277 - Package: azure-mgmt-resource, Version: 21.2.1 found.
2022-12-01 00:59:30.034 - INFO - 8919 - azureml.automl.core.package_utilities._has_versionconflict_or_not_installed:277 - Package: secretstorage, Version: 3.3.3 found.
2022-12-01 00:59:30.035 - INFO - 8919 - azureml.automl.core.package_utilities._has_versionconflict_or_not_installed:277 - Package: requests, Version: 2.28.1 found.
2022-12-01 00:59:30.035 - INFO - 8919 - azureml.automl.core.package_utilities._has_versionconflict_or_not_installed:277 - Package: pathspec, Version: 0.10.1 found.
2022-12-01 00:59:30.035 - INFO - 8919 - azureml.automl.core.package_utilities._has_versionconflict_or_not_installed:277 - Package: backports.tempfile, Version: 1.0 found.
2022-12-01 00:59:30.035 - INFO - 8919 - azureml.automl.core.package_utilities._has_versionconflict_or_not_installed:277 - Package: azure-mgmt-containerregistry, Version: 10.0.0 found.
2022-12-01 00:59:30.036 - INFO - 8919 - azureml.automl.core.package_utilities._has_versionconflict_or_not_installed:277 - Package: cryptography, Version: 38.0.1 found.
2022-12-01 00:59:30.036 - INFO - 8919 - azureml.automl.core.package_utilities._has_versionconflict_or_not_installed:277 - Package: pkginfo, Version: 1.8.3 found.
2022-12-01 00:59:30.036 - INFO - 8919 - azureml.automl.core.package_utilities._has_versionconflict_or_not_installed:277 - Package: azure-mgmt-keyvault, Version: 10.1.0 found.
2022-12-01 00:59:30.036 - INFO - 8919 - azureml.automl.core.package_utilities._has_versionconflict_or_not_installed:277 - Package: urllib3, Version: 1.26.12 found.
2022-12-01 00:59:30.036 - INFO - 8919 - azureml.automl.core.package_utilities._has_versionconflict_or_not_installed:277 - Package: adal, Version: 1.2.7 found.
2022-12-01 00:59:30.037 - INFO - 8919 - azureml.automl.core.package_utilities._has_versionconflict_or_not_installed:277 - Package: azure-mgmt-storage, Version: 20.1.0 found.
2022-12-01 00:59:30.037 - INFO - 8919 - azureml.automl.core.package_utilities._has_versionconflict_or_not_installed:277 - Package: pyopenssl, Version: 22.0.0 found.
2022-12-01 00:59:30.037 - INFO - 8919 - azureml.automl.core.package_utilities._has_versionconflict_or_not_installed:277 - Package: knack, Version: 0.10.0 found.
2022-12-01 00:59:30.037 - INFO - 8919 - azureml.automl.core.package_utilities._has_versionconflict_or_not_installed:277 - Package: msal-extensions, Version: 0.3.1 found.
2022-12-01 00:59:30.038 - INFO - 8919 - azureml.automl.core.package_utilities._has_versionconflict_or_not_installed:277 - Package: azure-graphrbac, Version: 0.61.1 found.
2022-12-01 00:59:30.038 - INFO - 8919 - azureml.automl.core.package_utilities._has_versionconflict_or_not_installed:277 - Package: paramiko, Version: 2.11.0 found.
2022-12-01 00:59:30.038 - INFO - 8919 - azureml.automl.core.package_utilities._has_versionconflict_or_not_installed:277 - Package: azure-common, Version: 1.1.28 found.
2022-12-01 00:59:30.038 - INFO - 8919 - azureml.automl.core.package_utilities._has_versionconflict_or_not_installed:277 - Package: argcomplete, Version: 2.0.0 found.
2022-12-01 00:59:30.038 - INFO - 8919 - azureml.automl.core.package_utilities._has_versionconflict_or_not_installed:277 - Package: python-dateutil, Version: 2.8.2 found.
2022-12-01 00:59:30.039 - INFO - 8919 - azureml.automl.core.package_utilities._has_versionconflict_or_not_installed:277 - Package: docker, Version: 6.0.0 found.
2022-12-01 00:59:30.039 - INFO - 8919 - azureml.automl.core.package_utilities._has_versionconflict_or_not_installed:277 - Package: jmespath, Version: 0.10.0 found.
2022-12-01 00:59:30.039 - INFO - 8919 - azureml.automl.core.package_utilities._has_versionconflict_or_not_installed:277 - Package: azure-core, Version: 1.26.0 found.
2022-12-01 00:59:30.039 - INFO - 8919 - azureml.automl.core.package_utilities._has_versionconflict_or_not_installed:277 - Package: contextlib2, Version: 21.6.0 found.
2022-12-01 00:59:30.040 - INFO - 8919 - azureml.automl.core.package_utilities._has_versionconflict_or_not_installed:277 - Package: msal, Version: 1.20.0 found.
2022-12-01 00:59:30.040 - INFO - 8919 - azureml.automl.core.package_utilities._has_versionconflict_or_not_installed:277 - Package: msrestazure, Version: 0.6.4 found.
2022-12-01 00:59:30.040 - INFO - 8919 - azureml.automl.core.package_utilities._has_versionconflict_or_not_installed:277 - Package: pyjwt, Version: 2.4.0 found.
2022-12-01 00:59:30.040 - INFO - 8919 - azureml.automl.core.package_utilities._has_versionconflict_or_not_installed:277 - Package: pytz, Version: 2022.5 found.
2022-12-01 00:59:30.040 - INFO - 8919 - azureml.automl.core.package_utilities._has_versionconflict_or_not_installed:277 - Package: jsonpickle, Version: 2.2.0 found.
2022-12-01 00:59:30.041 - INFO - 8919 - azureml.automl.core.package_utilities._has_versionconflict_or_not_installed:277 - Package: humanfriendly, Version: 10.0 found.
2022-12-01 00:59:30.041 - INFO - 8919 - azureml.automl.core.package_utilities._has_versionconflict_or_not_installed:277 - Package: msrest, Version: 0.7.1 found.
2022-12-01 00:59:30.041 - INFO - 8919 - azureml.automl.core.package_utilities._has_versionconflict_or_not_installed:277 - Package: azureml-core, Version: 1.47.0 found.
2022-12-01 00:59:30.041 - INFO - 8919 - azureml.automl.core.package_utilities._has_versionconflict_or_not_installed:277 - Package: azureml-core, Version: 1.47.0 found.
2022-12-01 00:59:30.042 - INFO - 8919 - azureml.automl.core.package_utilities._has_versionconflict_or_not_installed:277 - Package: applicationinsights, Version: 0.11.10 found.
2022-12-01 00:59:30.042 - INFO - 8919 - azureml.automl.core.package_utilities._has_versionconflict_or_not_installed:277 - Package: azureml-train-core, Version: 1.47.0 found.
2022-12-01 00:59:30.042 - INFO - 8919 - azureml.automl.core.package_utilities._has_versionconflict_or_not_installed:277 - Package: azureml-automl-core, Version: 1.47.0 found.
2022-12-01 00:59:30.042 - INFO - 8919 - azureml.automl.core.package_utilities._has_versionconflict_or_not_installed:277 - Package: azureml-core, Version: 1.47.0 found.
2022-12-01 00:59:30.043 - INFO - 8919 - azureml.automl.core.package_utilities._has_versionconflict_or_not_installed:277 - Package: azureml-dataset-runtime, Version: 1.47.0 found.
2022-12-01 00:59:30.043 - INFO - 8919 - azureml.automl.core.package_utilities._has_versionconflict_or_not_installed:277 - Package: azureml-telemetry, Version: 1.47.0 found.
2022-12-01 00:59:30.061 - INFO - 8919 - azureml.automl.core.package_utilities._has_versionconflict_or_not_installed:277 - Package: azureml-automl-core, Version: 1.47.0 found.
2022-12-01 00:59:30.061 - INFO - 8919 - azureml.automl.core.package_utilities._has_versionconflict_or_not_installed:277 - Package: scipy, Version: 1.5.3 found.
2022-12-01 00:59:30.061 - INFO - 8919 - azureml.automl.core.package_utilities._has_versionconflict_or_not_installed:277 - Package: azure-storage-queue, Version: 12.5.0 found.
2022-12-01 00:59:30.061 - INFO - 8919 - azureml.automl.core.package_utilities._has_versionconflict_or_not_installed:277 - Package: boto3, Version: 1.20.19 found.
2022-12-01 00:59:30.062 - INFO - 8919 - azureml.automl.core.package_utilities._has_versionconflict_or_not_installed:277 - Package: smart-open, Version: 1.9.0 found.
2022-12-01 00:59:30.062 - INFO - 8919 - azureml.automl.core.package_utilities._has_versionconflict_or_not_installed:277 - Package: azureml-mlflow, Version: 1.47.0 found.
2022-12-01 00:59:30.062 - INFO - 8919 - azureml.automl.core.package_utilities._has_versionconflict_or_not_installed:277 - Package: onnxconverter-common, Version: 1.6.0 found.
2022-12-01 00:59:30.063 - INFO - 8919 - azureml.automl.core.package_utilities._has_versionconflict_or_not_installed:277 - Package: dask, Version: 2.30.0 found.
2022-12-01 00:59:30.063 - INFO - 8919 - azureml.automl.core.package_utilities._has_versionconflict_or_not_installed:277 - Package: distributed, Version: 2.30.1 found.
2022-12-01 00:59:30.063 - INFO - 8919 - azureml.automl.core.package_utilities._has_versionconflict_or_not_installed:277 - Package: numpy, Version: 1.21.6 found.
2022-12-01 00:59:30.063 - INFO - 8919 - azureml.automl.core.package_utilities._has_versionconflict_or_not_installed:277 - Package: botocore, Version: 1.23.19 found.
2022-12-01 00:59:30.064 - INFO - 8919 - azureml.automl.core.package_utilities._has_versionconflict_or_not_installed:277 - Package: azureml-core, Version: 1.47.0 found.
2022-12-01 00:59:30.064 - INFO - 8919 - azureml.automl.core.package_utilities._has_versionconflict_or_not_installed:277 - Package: onnx, Version: 1.12.0 found.
2022-12-01 00:59:30.064 - INFO - 8919 - azureml.automl.core.package_utilities._has_versionconflict_or_not_installed:277 - Package: keras2onnx, Version: 1.6.0 found.
2022-12-01 00:59:30.065 - INFO - 8919 - azureml.automl.core.package_utilities._has_versionconflict_or_not_installed:277 - Package: onnxmltools, Version: 1.4.1 found.
2022-12-01 00:59:30.065 - INFO - 8919 - azureml.automl.core.package_utilities._has_versionconflict_or_not_installed:277 - Package: statsmodels, Version: 0.11.0 found.
2022-12-01 00:59:30.065 - INFO - 8919 - azureml.automl.core.package_utilities._has_versionconflict_or_not_installed:277 - Package: azureml-interpret, Version: 1.47.0 found.
2022-12-01 00:59:30.065 - INFO - 8919 - azureml.automl.core.package_utilities._has_versionconflict_or_not_installed:277 - Package: onnxruntime, Version: 1.11.1 found.
2022-12-01 00:59:30.065 - INFO - 8919 - azureml.automl.core.package_utilities._has_versionconflict_or_not_installed:277 - Package: azureml-train-automl-client, Version: 1.47.0 found.
2022-12-01 00:59:30.066 - INFO - 8919 - azureml.automl.core.package_utilities._has_versionconflict_or_not_installed:277 - Package: markupsafe, Version: 2.0.1 found.
2022-12-01 00:59:30.066 - INFO - 8919 - azureml.automl.core.package_utilities._has_versionconflict_or_not_installed:277 - Package: gensim, Version: 3.8.3 found.
2022-12-01 00:59:30.066 - INFO - 8919 - azureml.automl.core.package_utilities._has_versionconflict_or_not_installed:277 - Package: azureml-telemetry, Version: 1.47.0 found.
2022-12-01 00:59:30.066 - INFO - 8919 - azureml.automl.core.package_utilities._has_versionconflict_or_not_installed:277 - Package: jinja2, Version: 2.11.2 found.
2022-12-01 00:59:30.067 - INFO - 8919 - azureml.automl.core.package_utilities._has_versionconflict_or_not_installed:277 - Package: azureml-automl-runtime, Version: 1.47.0 found.
2022-12-01 00:59:30.067 - INFO - 8919 - azureml.automl.core.package_utilities._has_versionconflict_or_not_installed:277 - Package: skl2onnx, Version: 1.4.9 found.
2022-12-01 00:59:30.067 - INFO - 8919 - azureml.automl.core.package_utilities._has_versionconflict_or_not_installed:277 - Package: azureml-dataset-runtime, Version: 1.47.0 found.
2022-12-01 00:59:30.067 - INFO - 8919 - azureml.automl.core.package_utilities._has_versionconflict_or_not_installed:277 - Package: lightgbm, Version: 3.2.1 found.
2022-12-01 00:59:30.068 - INFO - 8919 - azureml.automl.core.package_utilities._has_versionconflict_or_not_installed:277 - Package: scikit-learn, Version: 0.22.1 found.
2022-12-01 00:59:30.068 - INFO - 8919 - azureml.automl.core.package_utilities._has_versionconflict_or_not_installed:277 - Package: sklearn-pandas, Version: 1.7.0 found.
2022-12-01 00:59:30.068 - INFO - 8919 - azureml.automl.core.package_utilities._has_versionconflict_or_not_installed:277 - Package: pandas, Version: 1.1.5 found.
2022-12-01 00:59:30.068 - INFO - 8919 - azureml.automl.core.package_utilities._has_versionconflict_or_not_installed:277 - Package: azureml-dataset-runtime, Version: 1.47.0 found.
2022-12-01 00:59:30.069 - INFO - 8919 - azureml.automl.core.package_utilities._has_versionconflict_or_not_installed:277 - Package: azureml-telemetry, Version: 1.47.0 found.
2022-12-01 00:59:30.085 - INFO - 8919 - azureml.automl.core.package_utilities._has_versionconflict_or_not_installed:277 - Package: azureml-automl-core, Version: 1.47.0 found.
2022-12-01 00:59:30.086 - INFO - 8919 - azureml.automl.core.package_utilities._has_versionconflict_or_not_installed:277 - Package: dill, Version: 0.3.5.1 found.
2022-12-01 00:59:30.086 - INFO - 8919 - azureml.automl.core.package_utilities._has_versionconflict_or_not_installed:277 - Package: protobuf, Version: 3.20.1 found.
2022-12-01 00:59:30.086 - INFO - 8919 - azureml.automl.core.package_utilities._has_versionconflict_or_not_installed:277 - Package: scipy, Version: 1.5.3 found.
2022-12-01 00:59:30.086 - INFO - 8919 - azureml.automl.core.package_utilities._has_versionconflict_or_not_installed:277 - Package: boto3, Version: 1.20.19 found.
2022-12-01 00:59:30.087 - INFO - 8919 - azureml.automl.core.package_utilities._has_versionconflict_or_not_installed:277 - Package: smart-open, Version: 1.9.0 found.
2022-12-01 00:59:30.087 - INFO - 8919 - azureml.automl.core.package_utilities._has_versionconflict_or_not_installed:277 - Package: onnxconverter-common, Version: 1.6.0 found.
2022-12-01 00:59:30.087 - INFO - 8919 - azureml.automl.core.package_utilities._has_versionconflict_or_not_installed:277 - Package: pmdarima, Version: 1.7.1 found.
2022-12-01 00:59:30.087 - INFO - 8919 - azureml.automl.core.package_utilities._has_versionconflict_or_not_installed:277 - Package: dataclasses, Version: 0.6 found.
2022-12-01 00:59:30.088 - INFO - 8919 - azureml.automl.core.package_utilities._has_versionconflict_or_not_installed:277 - Package: numpy, Version: 1.21.6 found.
2022-12-01 00:59:30.088 - INFO - 8919 - azureml.automl.core.package_utilities._has_versionconflict_or_not_installed:277 - Package: botocore, Version: 1.23.19 found.
2022-12-01 00:59:30.088 - INFO - 8919 - azureml.automl.core.package_utilities._has_versionconflict_or_not_installed:277 - Package: onnx, Version: 1.12.0 found.
2022-12-01 00:59:30.088 - INFO - 8919 - azureml.automl.core.package_utilities._has_versionconflict_or_not_installed:277 - Package: azureml-training-tabular, Version: 1.47.0 found.
2022-12-01 00:59:30.088 - INFO - 8919 - azureml.automl.core.package_utilities._has_versionconflict_or_not_installed:277 - Package: keras2onnx, Version: 1.6.0 found.
2022-12-01 00:59:30.089 - INFO - 8919 - azureml.automl.core.package_utilities._has_versionconflict_or_not_installed:277 - Package: onnxmltools, Version: 1.4.1 found.
2022-12-01 00:59:30.089 - INFO - 8919 - azureml.automl.core.package_utilities._has_versionconflict_or_not_installed:277 - Package: statsmodels, Version: 0.11.0 found.
2022-12-01 00:59:30.089 - INFO - 8919 - azureml.automl.core.package_utilities._has_versionconflict_or_not_installed:277 - Package: dotnetcore2, Version: 3.1.23 found.
2022-12-01 00:59:30.089 - INFO - 8919 - azureml.automl.core.package_utilities._has_versionconflict_or_not_installed:277 - Package: onnxruntime, Version: 1.11.1 found.
2022-12-01 00:59:30.090 - INFO - 8919 - azureml.automl.core.package_utilities._has_versionconflict_or_not_installed:277 - Package: psutil, Version: 5.9.3 found.
2022-12-01 00:59:30.090 - INFO - 8919 - azureml.automl.core.package_utilities._has_versionconflict_or_not_installed:277 - Package: joblib, Version: 0.14.1 found.
2022-12-01 00:59:30.090 - INFO - 8919 - azureml.automl.core.package_utilities._has_versionconflict_or_not_installed:277 - Package: gensim, Version: 3.8.3 found.
2022-12-01 00:59:30.091 - INFO - 8919 - azureml.automl.core.package_utilities._has_versionconflict_or_not_installed:277 - Package: nimbusml, Version: 1.8.0 found.
2022-12-01 00:59:30.091 - INFO - 8919 - azureml.automl.core.package_utilities._has_versionconflict_or_not_installed:277 - Package: azureml-dataset-runtime, Version: 1.47.0 found.
2022-12-01 00:59:30.091 - INFO - 8919 - azureml.automl.core.package_utilities._has_versionconflict_or_not_installed:277 - Package: skl2onnx, Version: 1.4.9 found.
2022-12-01 00:59:30.091 - INFO - 8919 - azureml.automl.core.package_utilities._has_versionconflict_or_not_installed:277 - Package: lightgbm, Version: 3.2.1 found.
2022-12-01 00:59:30.092 - INFO - 8919 - azureml.automl.core.package_utilities._has_versionconflict_or_not_installed:277 - Package: scikit-learn, Version: 0.22.1 found.
2022-12-01 00:59:30.092 - INFO - 8919 - azureml.automl.core.package_utilities._has_versionconflict_or_not_installed:277 - Package: sklearn-pandas, Version: 1.7.0 found.
2022-12-01 00:59:30.092 - INFO - 8919 - azureml.automl.core.package_utilities._has_versionconflict_or_not_installed:277 - Package: pandas, Version: 1.1.5 found.
2022-12-01 00:59:30.098 - INFO - 8919 - azureml.automl.core.package_utilities._has_versionconflict_or_not_installed:277 - Package: azureml-inference-server-http, Version: 0.7.6 found.
2022-12-01 00:59:30.098 - INFO - 8919 - azureml.automl.core.package_utilities._has_versionconflict_or_not_installed:277 - Package: json-logging-py, Version: 0.2 found.
2022-12-01 00:59:30.098 - INFO - 8919 - azureml.automl.core.package_utilities._has_versionconflict_or_not_installed:277 - Package: azureml-dataset-runtime, Version: 1.47.0 found.
2022-12-01 00:59:30.099 - INFO - 8919 - azureml.automl.core.package_utilities._has_versionconflict_or_not_installed:277 - Package: azureml-core, Version: 1.47.0 found.
2022-12-01 00:59:30.099 - INFO - 8919 - azureml.automl.core.package_utilities._has_versionconflict_or_not_installed:277 - Package: configparser, Version: 3.7.4 found.
2022-12-01 00:59:30.099 - INFO - 8919 - azureml.automl.core.package_utilities._has_versionconflict_or_not_installed:277 - Package: azure-identity, Version: 1.7.0 found.
2022-12-01 00:59:30.099 - INFO - 8919 - azureml.automl.core.package_utilities._has_versionconflict_or_not_installed:277 - Package: azureml-dataprep-native, Version: 38.0.0 found.
2022-12-01 00:59:30.100 - INFO - 8919 - azureml.automl.core.package_utilities._has_versionconflict_or_not_installed:277 - Package: azureml-dataprep-rslex, Version: 2.11.4 found.
2022-12-01 00:59:30.100 - INFO - 8919 - azureml.automl.core.package_utilities._has_versionconflict_or_not_installed:277 - Package: jsonschema, Version: 4.16.0 found.
2022-12-01 00:59:30.100 - INFO - 8919 - azureml.automl.core.package_utilities._has_versionconflict_or_not_installed:277 - Package: pyyaml, Version: 6.0 found.
2022-12-01 00:59:30.100 - INFO - 8919 - azureml.automl.core.package_utilities._has_versionconflict_or_not_installed:277 - Package: dotnetcore2, Version: 3.1.23 found.
2022-12-01 00:59:30.101 - INFO - 8919 - azureml.automl.core.package_utilities._has_versionconflict_or_not_installed:277 - Package: cloudpickle, Version: 1.6.0 found.
2022-12-01 00:59:30.103 - INFO - 8919 - azureml.automl.core.package_utilities._has_versionconflict_or_not_installed:277 - Package: ipywidgets, Version: 7.7.1 found.
2022-12-01 00:59:30.103 - INFO - 8919 - azureml.automl.core.package_utilities._has_versionconflict_or_not_installed:277 - Package: jinja2, Version: 2.11.2 found.
2022-12-01 00:59:30.104 - INFO - 8919 - azureml.automl.core.package_utilities._has_versionconflict_or_not_installed:277 - Package: azureml-core, Version: 1.47.0 found.
2022-12-01 00:59:30.104 - INFO - 8919 - azureml.automl.core.package_utilities._has_versionconflict_or_not_installed:277 - Package: azure-storage-blob, Version: 12.13.0 found.
2022-12-01 00:59:30.104 - INFO - 8919 - azureml.automl.core.package_utilities._has_versionconflict_or_not_installed:277 - Package: markupsafe, Version: 2.0.1 found.
2022-12-01 00:59:30.104 - INFO - 8919 - azureml.automl.core.package_utilities._has_versionconflict_or_not_installed:277 - Package: azureml-telemetry, Version: 1.47.0 found.
2022-12-01 00:59:30.104 - INFO - 8919 - azureml.automl.core.package_utilities._get_validated_requirements:396 - Verified requirements file validated_linux_requirements.txt found.
2022-12-01 00:59:31.146 - INFO - 8919 - azureml.automl.core.package_utilities._has_versionconflict_or_not_installed:277 - Package: adal, Version: 1.2.7 found.
2022-12-01 00:59:31.147 - INFO - 8919 - azureml.automl.core.package_utilities._has_versionconflict_or_not_installed:277 - Package: applicationinsights, Version: 0.11.10 found.
2022-12-01 00:59:31.148 - INFO - 8919 - azureml.automl.core.package_utilities._has_versionconflict_or_not_installed:277 - Package: argcomplete, Version: 2.0.0 found.
2022-12-01 00:59:31.149 - INFO - 8919 - azureml.automl.core.package_utilities._has_versionconflict_or_not_installed:277 - Package: attrs, Version: 22.1.0 found.
2022-12-01 00:59:31.149 - INFO - 8919 - azureml.automl.core.package_utilities._has_versionconflict_or_not_installed:277 - Package: azure-common, Version: 1.1.28 found.
2022-12-01 00:59:31.150 - INFO - 8919 - azureml.automl.core.package_utilities._has_versionconflict_or_not_installed:277 - Package: azure-core, Version: 1.26.0 found.
2022-12-01 00:59:31.150 - INFO - 8919 - azureml.automl.core.package_utilities._has_versionconflict_or_not_installed:277 - Package: azure-graphrbac, Version: 0.61.1 found.
2022-12-01 00:59:31.151 - INFO - 8919 - azureml.automl.core.package_utilities._has_versionconflict_or_not_installed:277 - Package: azure-identity, Version: 1.7.0 found.
2022-12-01 00:59:31.151 - INFO - 8919 - azureml.automl.core.package_utilities._has_versionconflict_or_not_installed:277 - Package: azure-mgmt-authorization, Version: 2.0.0 found.
2022-12-01 00:59:31.152 - INFO - 8919 - azureml.automl.core.package_utilities._has_versionconflict_or_not_installed:277 - Package: azure-mgmt-containerregistry, Version: 10.0.0 found.
2022-12-01 00:59:31.152 - INFO - 8919 - azureml.automl.core.package_utilities._has_versionconflict_or_not_installed:277 - Package: azure-mgmt-core, Version: 1.3.2 found.
2022-12-01 00:59:31.153 - INFO - 8919 - azureml.automl.core.package_utilities._has_versionconflict_or_not_installed:277 - Package: azure-mgmt-keyvault, Version: 10.1.0 found.
2022-12-01 00:59:31.153 - INFO - 8919 - azureml.automl.core.package_utilities._has_versionconflict_or_not_installed:277 - Package: azure-mgmt-resource, Version: 21.2.1 found.
2022-12-01 00:59:31.153 - INFO - 8919 - azureml.automl.core.package_utilities._has_versionconflict_or_not_installed:277 - Package: azure-mgmt-storage, Version: 20.1.0 found.
2022-12-01 00:59:31.154 - INFO - 8919 - azureml.automl.core.package_utilities._has_versionconflict_or_not_installed:277 - Package: azure-storage-blob, Version: 12.13.0 found.
2022-12-01 00:59:31.154 - INFO - 8919 - azureml.automl.core.package_utilities._has_versionconflict_or_not_installed:277 - Package: azure-storage-queue, Version: 12.5.0 found.
2022-12-01 00:59:31.155 - INFO - 8919 - azureml.automl.core.package_utilities._has_versionconflict_or_not_installed:277 - Package: backports.tempfile, Version: 1.0 found.
2022-12-01 00:59:31.155 - INFO - 8919 - azureml.automl.core.package_utilities._has_versionconflict_or_not_installed:277 - Package: backports.weakref, Version: 1.0.post1 found.
2022-12-01 00:59:31.155 - INFO - 8919 - azureml.automl.core.package_utilities._has_versionconflict_or_not_installed:277 - Package: bcrypt, Version: 4.0.1 found.
2022-12-01 00:59:31.156 - INFO - 8919 - azureml.automl.core.package_utilities._has_versionconflict_or_not_installed:277 - Package: bokeh, Version: 2.4.3 found.
2022-12-01 00:59:31.156 - INFO - 8919 - azureml.automl.core.package_utilities._has_versionconflict_or_not_installed:277 - Package: boto, Version: 2.49.0 found.
2022-12-01 00:59:31.156 - INFO - 8919 - azureml.automl.core.package_utilities._has_versionconflict_or_not_installed:277 - Package: boto3, Version: 1.20.19 found.
2022-12-01 00:59:31.157 - INFO - 8919 - azureml.automl.core.package_utilities._has_versionconflict_or_not_installed:277 - Package: botocore, Version: 1.23.19 found.
2022-12-01 00:59:31.157 - INFO - 8919 - azureml.automl.core.package_utilities._has_versionconflict_or_not_installed:277 - Package: click, Version: 8.1.3 found.
2022-12-01 00:59:31.157 - INFO - 8919 - azureml.automl.core.package_utilities._has_versionconflict_or_not_installed:277 - Package: cloudpickle, Version: 1.6.0 found.
2022-12-01 00:59:31.158 - INFO - 8919 - azureml.automl.core.package_utilities._has_versionconflict_or_not_installed:277 - Package: contextlib2, Version: 21.6.0 found.
2022-12-01 00:59:31.158 - WARNING - 8919 - azureml.automl.core.package_utilities._get_unverified_dependencies:301 - Package Cython missing from working set.
2022-12-01 00:59:31.158 - INFO - 8919 - azureml.automl.core.package_utilities._has_versionconflict_or_not_installed:277 - Package: dask, Version: 2.30.0 found.
2022-12-01 00:59:31.159 - INFO - 8919 - azureml.automl.core.package_utilities._has_versionconflict_or_not_installed:277 - Package: databricks-cli, Version: 0.17.3 found.
2022-12-01 00:59:31.159 - INFO - 8919 - azureml.automl.core.package_utilities._has_versionconflict_or_not_installed:277 - Package: dataclasses, Version: 0.6 found.
2022-12-01 00:59:31.159 - INFO - 8919 - azureml.automl.core.package_utilities._has_versionconflict_or_not_installed:277 - Package: dill, Version: 0.3.5.1 found.
2022-12-01 00:59:31.160 - INFO - 8919 - azureml.automl.core.package_utilities._has_versionconflict_or_not_installed:277 - Package: distributed, Version: 2.30.1 found.
2022-12-01 00:59:31.160 - INFO - 8919 - azureml.automl.core.package_utilities._has_versionconflict_or_not_installed:277 - Package: distro, Version: 1.8.0 found.
2022-12-01 00:59:31.160 - INFO - 8919 - azureml.automl.core.package_utilities._has_versionconflict_or_not_installed:277 - Package: docker, Version: 6.0.0 found.
2022-12-01 00:59:31.161 - INFO - 8919 - azureml.automl.core.package_utilities._has_versionconflict_or_not_installed:277 - Package: dotnetcore2, Version: 3.1.23 found.
2022-12-01 00:59:31.161 - INFO - 8919 - azureml.automl.core.package_utilities._has_versionconflict_or_not_installed:277 - Package: entrypoints, Version: 0.4 found.
2022-12-01 00:59:31.161 - INFO - 8919 - azureml.automl.core.package_utilities._has_versionconflict_or_not_installed:277 - Package: fire, Version: 0.4.0 found.
2022-12-01 00:59:31.162 - INFO - 8919 - azureml.automl.core.package_utilities._has_versionconflict_or_not_installed:277 - Package: flatbuffers, Version: 22.9.24 found.
2022-12-01 00:59:31.162 - INFO - 8919 - azureml.automl.core.package_utilities._has_versionconflict_or_not_installed:277 - Package: fsspec, Version: 2022.10.0 found.
2022-12-01 00:59:31.162 - INFO - 8919 - azureml.automl.core.package_utilities._has_versionconflict_or_not_installed:277 - Package: fusepy, Version: 3.0.1 found.
2022-12-01 00:59:31.163 - INFO - 8919 - azureml.automl.core.package_utilities._has_versionconflict_or_not_installed:277 - Package: gensim, Version: 3.8.3 found.
2022-12-01 00:59:31.163 - INFO - 8919 - azureml.automl.core.package_utilities._has_versionconflict_or_not_installed:277 - Package: gitdb, Version: 4.0.9 found.
2022-12-01 00:59:31.163 - WARNING - 8919 - azureml.automl.core.package_utilities._get_unverified_dependencies:301 - Package GitPython missing from working set.
2022-12-01 00:59:31.164 - WARNING - 8919 - azureml.automl.core.package_utilities._get_unverified_dependencies:301 - Package HeapDict missing from working set.
2022-12-01 00:59:31.164 - INFO - 8919 - azureml.automl.core.package_utilities._has_versionconflict_or_not_installed:277 - Package: humanfriendly, Version: 10.0 found.
2022-12-01 00:59:31.164 - INFO - 8919 - azureml.automl.core.package_utilities._has_versionconflict_or_not_installed:277 - Package: importlib-metadata, Version: 4.13.0 found.
2022-12-01 00:59:31.164 - INFO - 8919 - azureml.automl.core.package_utilities._has_versionconflict_or_not_installed:277 - Package: importlib-resources, Version: 5.10.0 found.
2022-12-01 00:59:31.165 - INFO - 8919 - azureml.automl.core.package_utilities._has_versionconflict_or_not_installed:277 - Package: interpret-community, Version: 0.27.0 found.
2022-12-01 00:59:31.165 - INFO - 8919 - azureml.automl.core.package_utilities._has_versionconflict_or_not_installed:277 - Package: interpret-core, Version: 0.2.7 found.
2022-12-01 00:59:31.165 - INFO - 8919 - azureml.automl.core.package_utilities._has_versionconflict_or_not_installed:277 - Package: isodate, Version: 0.6.1 found.
2022-12-01 00:59:31.165 - INFO - 8919 - azureml.automl.core.package_utilities._has_versionconflict_or_not_installed:277 - Package: jeepney, Version: 0.8.0 found.
2022-12-01 00:59:31.165 - WARNING - 8919 - azureml.automl.core.package_utilities._get_unverified_dependencies:301 - Package Jinja2 missing from working set.
2022-12-01 00:59:31.165 - INFO - 8919 - azureml.automl.core.package_utilities._has_versionconflict_or_not_installed:277 - Package: jmespath, Version: 0.10.0 found.
2022-12-01 00:59:31.166 - INFO - 8919 - azureml.automl.core.package_utilities._has_versionconflict_or_not_installed:277 - Package: joblib, Version: 0.14.1 found.
2022-12-01 00:59:31.166 - INFO - 8919 - azureml.automl.core.package_utilities._has_versionconflict_or_not_installed:277 - Package: jsonpickle, Version: 2.2.0 found.
2022-12-01 00:59:31.166 - INFO - 8919 - azureml.automl.core.package_utilities._has_versionconflict_or_not_installed:277 - Package: jsonschema, Version: 4.16.0 found.
2022-12-01 00:59:31.166 - INFO - 8919 - azureml.automl.core.package_utilities._has_versionconflict_or_not_installed:277 - Package: keras2onnx, Version: 1.6.0 found.
2022-12-01 00:59:31.166 - INFO - 8919 - azureml.automl.core.package_utilities._has_versionconflict_or_not_installed:277 - Package: knack, Version: 0.10.0 found.
2022-12-01 00:59:31.167 - INFO - 8919 - azureml.automl.core.package_utilities._has_versionconflict_or_not_installed:277 - Package: lightgbm, Version: 3.2.1 found.
2022-12-01 00:59:31.167 - INFO - 8919 - azureml.automl.core.package_utilities._has_versionconflict_or_not_installed:277 - Package: llvmlite, Version: 0.38.1 found.
2022-12-01 00:59:31.167 - INFO - 8919 - azureml.automl.core.package_utilities._has_versionconflict_or_not_installed:277 - Package: locket, Version: 1.0.0 found.
2022-12-01 00:59:31.167 - WARNING - 8919 - azureml.automl.core.package_utilities._get_unverified_dependencies:301 - Package MarkupSafe missing from working set.
2022-12-01 00:59:31.167 - INFO - 8919 - azureml.automl.core.package_utilities._has_versionconflict_or_not_installed:277 - Package: ml-wrappers, Version: 0.2.2 found.
2022-12-01 00:59:31.168 - INFO - 8919 - azureml.automl.core.package_utilities._has_versionconflict_or_not_installed:277 - Package: mlflow-skinny, Version: 1.29.0 found.
2022-12-01 00:59:31.168 - INFO - 8919 - azureml.automl.core.package_utilities._has_versionconflict_or_not_installed:277 - Package: msal, Version: 1.20.0 found.
2022-12-01 00:59:31.168 - INFO - 8919 - azureml.automl.core.package_utilities._has_versionconflict_or_not_installed:277 - Package: msal-extensions, Version: 0.3.1 found.
2022-12-01 00:59:31.168 - INFO - 8919 - azureml.automl.core.package_utilities._has_versionconflict_or_not_installed:277 - Package: msgpack, Version: 1.0.4 found.
2022-12-01 00:59:31.168 - INFO - 8919 - azureml.automl.core.package_utilities._has_versionconflict_or_not_installed:277 - Package: msrest, Version: 0.7.1 found.
2022-12-01 00:59:31.169 - INFO - 8919 - azureml.automl.core.package_utilities._has_versionconflict_or_not_installed:277 - Package: msrestazure, Version: 0.6.4 found.
2022-12-01 00:59:31.169 - INFO - 8919 - azureml.automl.core.package_utilities._has_versionconflict_or_not_installed:277 - Package: ndg-httpsclient, Version: 0.5.1 found.
2022-12-01 00:59:31.169 - INFO - 8919 - azureml.automl.core.package_utilities._has_versionconflict_or_not_installed:277 - Package: nimbusml, Version: 1.8.0 found.
2022-12-01 00:59:31.169 - INFO - 8919 - azureml.automl.core.package_utilities._has_versionconflict_or_not_installed:277 - Package: numba, Version: 0.55.2 found.
2022-12-01 00:59:31.169 - INFO - 8919 - azureml.automl.core.package_utilities._has_versionconflict_or_not_installed:277 - Package: numpy, Version: 1.21.6 found.
2022-12-01 00:59:31.170 - INFO - 8919 - azureml.automl.core.package_utilities._has_versionconflict_or_not_installed:277 - Package: oauthlib, Version: 3.2.2 found.
2022-12-01 00:59:31.170 - INFO - 8919 - azureml.automl.core.package_utilities._has_versionconflict_or_not_installed:277 - Package: onnx, Version: 1.12.0 found.
2022-12-01 00:59:31.170 - INFO - 8919 - azureml.automl.core.package_utilities._has_versionconflict_or_not_installed:277 - Package: onnxconverter-common, Version: 1.6.0 found.
2022-12-01 00:59:31.170 - INFO - 8919 - azureml.automl.core.package_utilities._has_versionconflict_or_not_installed:277 - Package: onnxmltools, Version: 1.4.1 found.
2022-12-01 00:59:31.170 - INFO - 8919 - azureml.automl.core.package_utilities._has_versionconflict_or_not_installed:277 - Package: onnxruntime, Version: 1.11.1 found.
2022-12-01 00:59:31.171 - INFO - 8919 - azureml.automl.core.package_utilities._has_versionconflict_or_not_installed:277 - Package: packaging, Version: 21.3 found.
2022-12-01 00:59:31.171 - INFO - 8919 - azureml.automl.core.package_utilities._has_versionconflict_or_not_installed:277 - Package: pandas, Version: 1.1.5 found.
2022-12-01 00:59:31.171 - INFO - 8919 - azureml.automl.core.package_utilities._has_versionconflict_or_not_installed:277 - Package: paramiko, Version: 2.11.0 found.
2022-12-01 00:59:31.171 - INFO - 8919 - azureml.automl.core.package_utilities._has_versionconflict_or_not_installed:277 - Package: partd, Version: 1.3.0 found.
2022-12-01 00:59:31.171 - INFO - 8919 - azureml.automl.core.package_utilities._has_versionconflict_or_not_installed:277 - Package: pathspec, Version: 0.10.1 found.
2022-12-01 00:59:31.172 - INFO - 8919 - azureml.automl.core.package_utilities._has_versionconflict_or_not_installed:277 - Package: patsy, Version: 0.5.3 found.
2022-12-01 00:59:31.172 - WARNING - 8919 - azureml.automl.core.package_utilities._get_unverified_dependencies:301 - Package Pillow missing from working set.
2022-12-01 00:59:31.172 - INFO - 8919 - azureml.automl.core.package_utilities._has_versionconflict_or_not_installed:277 - Package: pkginfo, Version: 1.8.3 found.
2022-12-01 00:59:31.172 - INFO - 8919 - azureml.automl.core.package_utilities._has_versionconflict_or_not_installed:277 - Package: pkgutil-resolve-name, Version: 1.3.10 found.
2022-12-01 00:59:31.173 - INFO - 8919 - azureml.automl.core.package_utilities._has_versionconflict_or_not_installed:277 - Package: pmdarima, Version: 1.7.1 found.
2022-12-01 00:59:31.173 - INFO - 8919 - azureml.automl.core.package_utilities._has_versionconflict_or_not_installed:277 - Package: portalocker, Version: 2.6.0 found.
2022-12-01 00:59:31.173 - INFO - 8919 - azureml.automl.core.package_utilities._has_versionconflict_or_not_installed:277 - Package: protobuf, Version: 3.20.1 found.
2022-12-01 00:59:31.173 - INFO - 8919 - azureml.automl.core.package_utilities._has_versionconflict_or_not_installed:277 - Package: psutil, Version: 5.9.3 found.
2022-12-01 00:59:31.173 - INFO - 8919 - azureml.automl.core.package_utilities._has_versionconflict_or_not_installed:277 - Package: pyarrow, Version: 9.0.0 found.
2022-12-01 00:59:31.174 - INFO - 8919 - azureml.automl.core.package_utilities._has_versionconflict_or_not_installed:277 - Package: pyasn1, Version: 0.4.8 found.
2022-12-01 00:59:31.174 - WARNING - 8919 - azureml.automl.core.package_utilities._get_unverified_dependencies:301 - Package Pygments missing from working set.
2022-12-01 00:59:31.174 - WARNING - 8919 - azureml.automl.core.package_utilities._get_unverified_dependencies:301 - Package PyJWT missing from working set.
2022-12-01 00:59:31.174 - WARNING - 8919 - azureml.automl.core.package_utilities._get_unverified_dependencies:301 - Package PyNaCl missing from working set.
2022-12-01 00:59:31.174 - WARNING - 8919 - azureml.automl.core.package_utilities._get_unverified_dependencies:301 - Package pyOpenSSL missing from working set.
2022-12-01 00:59:31.175 - INFO - 8919 - azureml.automl.core.package_utilities._has_versionconflict_or_not_installed:277 - Package: pyparsing, Version: 3.0.9 found.
2022-12-01 00:59:31.175 - INFO - 8919 - azureml.automl.core.package_utilities._has_versionconflict_or_not_installed:277 - Package: pyrsistent, Version: 0.18.1 found.
2022-12-01 00:59:31.175 - WARNING - 8919 - azureml.automl.core.package_utilities._get_unverified_dependencies:301 - Package PySocks missing from working set.
2022-12-01 00:59:31.175 - INFO - 8919 - azureml.automl.core.package_utilities._has_versionconflict_or_not_installed:277 - Package: python-dateutil, Version: 2.8.2 found.
2022-12-01 00:59:31.175 - INFO - 8919 - azureml.automl.core.package_utilities._has_versionconflict_or_not_installed:277 - Package: pytz, Version: 2022.5 found.
2022-12-01 00:59:31.176 - WARNING - 8919 - azureml.automl.core.package_utilities._get_unverified_dependencies:301 - Package PyYAML missing from working set.
2022-12-01 00:59:31.176 - INFO - 8919 - azureml.automl.core.package_utilities._has_versionconflict_or_not_installed:277 - Package: requests-oauthlib, Version: 1.3.1 found.
2022-12-01 00:59:31.176 - INFO - 8919 - azureml.automl.core.package_utilities._has_versionconflict_or_not_installed:277 - Package: s3transfer, Version: 0.5.2 found.
2022-12-01 00:59:31.176 - INFO - 8919 - azureml.automl.core.package_utilities._has_versionconflict_or_not_installed:277 - Package: scikit-learn, Version: 0.22.1 found.
2022-12-01 00:59:31.176 - INFO - 8919 - azureml.automl.core.package_utilities._has_versionconflict_or_not_installed:277 - Package: scipy, Version: 1.5.3 found.
2022-12-01 00:59:31.177 - WARNING - 8919 - azureml.automl.core.package_utilities._get_unverified_dependencies:301 - Package SecretStorage missing from working set.
2022-12-01 00:59:31.177 - INFO - 8919 - azureml.automl.core.package_utilities._has_versionconflict_or_not_installed:277 - Package: shap, Version: 0.39.0 found.
2022-12-01 00:59:31.177 - INFO - 8919 - azureml.automl.core.package_utilities._has_versionconflict_or_not_installed:277 - Package: six, Version: 1.16.0 found.
2022-12-01 00:59:31.177 - INFO - 8919 - azureml.automl.core.package_utilities._has_versionconflict_or_not_installed:277 - Package: skl2onnx, Version: 1.4.9 found.
2022-12-01 00:59:31.178 - INFO - 8919 - azureml.automl.core.package_utilities._has_versionconflict_or_not_installed:277 - Package: sklearn-pandas, Version: 1.7.0 found.
2022-12-01 00:59:31.178 - INFO - 8919 - azureml.automl.core.package_utilities._has_versionconflict_or_not_installed:277 - Package: slicer, Version: 0.0.7 found.
2022-12-01 00:59:31.178 - INFO - 8919 - azureml.automl.core.package_utilities._has_versionconflict_or_not_installed:277 - Package: smart-open, Version: 1.9.0 found.
2022-12-01 00:59:31.178 - INFO - 8919 - azureml.automl.core.package_utilities._has_versionconflict_or_not_installed:277 - Package: smmap, Version: 5.0.0 found.
2022-12-01 00:59:31.179 - INFO - 8919 - azureml.automl.core.package_utilities._has_versionconflict_or_not_installed:277 - Package: sortedcontainers, Version: 2.4.0 found.
2022-12-01 00:59:31.179 - INFO - 8919 - azureml.automl.core.package_utilities._has_versionconflict_or_not_installed:277 - Package: sqlparse, Version: 0.4.3 found.
2022-12-01 00:59:31.179 - INFO - 8919 - azureml.automl.core.package_utilities._has_versionconflict_or_not_installed:277 - Package: statsmodels, Version: 0.11.0 found.
2022-12-01 00:59:31.179 - INFO - 8919 - azureml.automl.core.package_utilities._has_versionconflict_or_not_installed:277 - Package: tabulate, Version: 0.9.0 found.
2022-12-01 00:59:31.179 - INFO - 8919 - azureml.automl.core.package_utilities._has_versionconflict_or_not_installed:277 - Package: tblib, Version: 1.7.0 found.
2022-12-01 00:59:31.180 - INFO - 8919 - azureml.automl.core.package_utilities._has_versionconflict_or_not_installed:277 - Package: termcolor, Version: 2.0.1 found.
2022-12-01 00:59:31.180 - INFO - 8919 - azureml.automl.core.package_utilities._has_versionconflict_or_not_installed:277 - Package: tornado, Version: 6.2 found.
2022-12-01 00:59:31.180 - INFO - 8919 - azureml.automl.core.package_utilities._has_versionconflict_or_not_installed:277 - Package: typing-extensions, Version: 4.4.0 found.
2022-12-01 00:59:31.180 - INFO - 8919 - azureml.automl.core.package_utilities._has_versionconflict_or_not_installed:277 - Package: websocket-client, Version: 1.4.1 found.
2022-12-01 00:59:31.181 - INFO - 8919 - azureml.automl.core.package_utilities._has_versionconflict_or_not_installed:277 - Package: zict, Version: 2.2.0 found.
2022-12-01 00:59:31.181 - INFO - 8919 - azureml.automl.core.package_utilities._has_versionconflict_or_not_installed:277 - Package: zipp, Version: 3.9.0 found.
2022-12-01 00:59:31.181 - INFO - 8919 - azureml.automl.core.package_utilities._get_unverified_dependencies:316 - User has the following compatible packages installed:
adal==1.2.7
applicationinsights==0.11.10
argcomplete==2.0.0
attrs==22.1.0
azure-common==1.1.28
azure-core==1.26.0
azure-graphrbac==0.61.1
azure-identity==1.7.0
azure-mgmt-authorization==2.0.0
azure-mgmt-containerregistry==10.0.0
azure-mgmt-core==1.3.2
azure-mgmt-keyvault==10.1.0
azure-mgmt-resource==21.2.1
azure-mgmt-storage==20.1.0
azure-storage-blob==12.13.0
azure-storage-queue==12.5.0
backports.tempfile==1.0
backports.weakref==1.0.post1
bcrypt==4.0.1
bokeh==2.4.3
boto==2.49.0
boto3==1.20.19
botocore==1.23.19
click==8.1.3
cloudpickle==1.6.0
contextlib2==21.6.0
dask==2.30.0
databricks-cli==0.17.3
dataclasses==0.6
dill==0.3.5.1
distributed==2.30.1
distro==1.8.0
docker==6.0.0
dotnetcore2==3.1.23
entrypoints==0.4
fire==0.4.0
flatbuffers==22.9.24
fsspec==2022.10.0
fusepy==3.0.1
gensim==3.8.3
gitdb==4.0.9
humanfriendly==10.0
importlib-metadata==4.13.0
importlib-resources==5.10.0
interpret-community==0.27.0
interpret-core==0.2.7
isodate==0.6.1
jeepney==0.8.0
jmespath==0.10.0
joblib==0.14.1
jsonpickle==2.2.0
jsonschema==4.16.0
keras2onnx==1.6.0
knack==0.10.0
lightgbm==3.2.1
llvmlite==0.38.1
locket==1.0.0
ml-wrappers==0.2.2
mlflow-skinny==1.29.0
msal==1.20.0
msal-extensions==0.3.1
msgpack==1.0.4
msrest==0.7.1
msrestazure==0.6.4
ndg-httpsclient==0.5.1
nimbusml==1.8.0
numba==0.55.2
numpy==1.21.6
oauthlib==3.2.2
onnx==1.12.0
onnxconverter-common==1.6.0
onnxmltools==1.4.1
onnxruntime==1.11.1
packaging==21.3
pandas==1.1.5
paramiko==2.11.0
partd==1.3.0
pathspec==0.10.1
patsy==0.5.3
pkginfo==1.8.3
pkgutil-resolve-name==1.3.10
pmdarima==1.7.1
portalocker==2.6.0
protobuf==3.20.1
psutil==5.9.3
pyarrow==9.0.0
pyasn1==0.4.8
pyparsing==3.0.9
pyrsistent==0.18.1
python-dateutil==2.8.2
pytz==2022.5
requests-oauthlib==1.3.1
s3transfer==0.5.2
scikit-learn==0.22.1
scipy==1.5.3
shap==0.39.0
six==1.16.0
skl2onnx==1.4.9
sklearn-pandas==1.7.0
slicer==0.0.7
smart-open==1.9.0
smmap==5.0.0
sortedcontainers==2.4.0
sqlparse==0.4.3
statsmodels==0.11.0
tabulate==0.9.0
tblib==1.7.0
termcolor==2.0.1
tornado==6.2
typing-extensions==4.4.0
websocket-client==1.4.1
zict==2.2.0
zipp==3.9.0
2022-12-01 00:59:31.181 - WARNING - 8919 - azureml.automl.core.package_utilities._get_unverified_dependencies:320 - Skipping package validation check for non pypi packages:
certifi==2022.6.15
cffi==1.15.1
charset-normalizer==2.0.4
cryptography==38.0.1
idna==3.4
pycparser==2.21
requests==2.28.1
toolz==0.12.0
tqdm==4.64.1
urllib3==1.26.12
2022-12-01 00:59:31.181 - INFO - 8919 - azureml.automl.core.package_utilities._get_package_incompatibilities:516 - No package incompatibilities found.
2022-12-01 00:59:31.182 - INFO - 8919 - azureml.automl.core.package_utilities._log_activity:89 - ActivityCompleted: Activity=PackagesCheck, HowEnded=Success, Duration=1160.49[ms]
2022-12-01 00:59:56.466 - INFO - 8919 - azureml.training.tabular.featurization.text.pretrained_text_dnn_transformer.horovod_initialized:66 - Horovod not found in current environment. Distribution via Horovod will be disabled.
2022-12-01 01:00:18.561 - INFO - 8919 - azureml.train.automl.runtime._automl_job_phases.utilities.log_with_memory:65 - Ending distributed preparation
2022-12-01 01:00:18.597 - INFO - 8919 - azureml.train.automl.runtime._automl_job_phases.utilities.log_with_memory:69 - Memory usage info:     RAM = 7.765171051025391GB     Available RAM = 0.1322784423828125GB       Percentage RAM Available = 1.703483947920827
2022-12-01 01:00:18.649 - INFO - 8919 - azureml.automl.core.package_utilities._log_activity:55 - ActivityStarted: PackagesCheck
2022-12-01 01:00:18.655 - INFO - 8919 - azureml.automl.core.package_utilities._has_versionconflict_or_not_installed:277 - Package: azureml-pipeline-core, Version: 1.47.0 found.
2022-12-01 01:00:18.659 - INFO - 8919 - azureml.automl.core.package_utilities._has_versionconflict_or_not_installed:277 - Package: azureml-train-core, Version: 1.47.0 found.
2022-12-01 01:00:18.664 - INFO - 8919 - azureml.automl.core.package_utilities._has_versionconflict_or_not_installed:277 - Package: azureml-train-automl-client, Version: 1.47.0 found.
2022-12-01 01:00:18.675 - INFO - 8919 - azureml.automl.core.package_utilities._has_versionconflict_or_not_installed:277 - Package: interpret-community, Version: 0.27.0 found.
2022-12-01 01:00:18.680 - INFO - 8919 - azureml.automl.core.package_utilities._has_versionconflict_or_not_installed:277 - Package: azureml-core, Version: 1.47.0 found.
2022-12-01 01:00:18.684 - INFO - 8919 - azureml.automl.core.package_utilities._has_versionconflict_or_not_installed:277 - Package: numpy, Version: 1.21.6 found.
2022-12-01 01:00:18.690 - INFO - 8919 - azureml.automl.core.package_utilities._has_versionconflict_or_not_installed:277 - Package: numba, Version: 0.55.2 found.
2022-12-01 01:00:18.694 - INFO - 8919 - azureml.automl.core.package_utilities._has_versionconflict_or_not_installed:277 - Package: shap, Version: 0.39.0 found.
2022-12-01 01:00:18.700 - INFO - 8919 - azureml.automl.core.package_utilities._has_versionconflict_or_not_installed:277 - Package: azureml-train-restclients-hyperdrive, Version: 1.47.0 found.
2022-12-01 01:00:18.704 - INFO - 8919 - azureml.automl.core.package_utilities._has_versionconflict_or_not_installed:277 - Package: azureml-core, Version: 1.47.0 found.
2022-12-01 01:00:18.705 - INFO - 8919 - azureml.automl.core.package_utilities._has_versionconflict_or_not_installed:277 - Package: azureml-telemetry, Version: 1.47.0 found.
2022-12-01 01:00:18.705 - INFO - 8919 - azureml.automl.core.package_utilities._has_versionconflict_or_not_installed:277 - Package: msrest, Version: 0.7.1 found.
2022-12-01 01:00:18.706 - INFO - 8919 - azureml.automl.core.package_utilities._has_versionconflict_or_not_installed:277 - Package: requests, Version: 2.28.1 found.
2022-12-01 01:00:18.706 - INFO - 8919 - azureml.automl.core.package_utilities._has_versionconflict_or_not_installed:277 - Package: msrestazure, Version: 0.6.4 found.
2022-12-01 01:00:18.706 - INFO - 8919 - azureml.automl.core.package_utilities._has_versionconflict_or_not_installed:277 - Package: azure-mgmt-authorization, Version: 2.0.0 found.
2022-12-01 01:00:18.707 - INFO - 8919 - azureml.automl.core.package_utilities._has_versionconflict_or_not_installed:277 - Package: packaging, Version: 21.3 found.
2022-12-01 01:00:18.707 - INFO - 8919 - azureml.automl.core.package_utilities._has_versionconflict_or_not_installed:277 - Package: ndg-httpsclient, Version: 0.5.1 found.
2022-12-01 01:00:18.708 - INFO - 8919 - azureml.automl.core.package_utilities._has_versionconflict_or_not_installed:277 - Package: azure-mgmt-resource, Version: 21.2.1 found.
2022-12-01 01:00:18.708 - INFO - 8919 - azureml.automl.core.package_utilities._has_versionconflict_or_not_installed:277 - Package: secretstorage, Version: 3.3.3 found.
2022-12-01 01:00:18.708 - INFO - 8919 - azureml.automl.core.package_utilities._has_versionconflict_or_not_installed:277 - Package: requests, Version: 2.28.1 found.
2022-12-01 01:00:18.708 - INFO - 8919 - azureml.automl.core.package_utilities._has_versionconflict_or_not_installed:277 - Package: pathspec, Version: 0.10.1 found.
2022-12-01 01:00:18.709 - INFO - 8919 - azureml.automl.core.package_utilities._has_versionconflict_or_not_installed:277 - Package: backports.tempfile, Version: 1.0 found.
2022-12-01 01:00:18.709 - INFO - 8919 - azureml.automl.core.package_utilities._has_versionconflict_or_not_installed:277 - Package: azure-mgmt-containerregistry, Version: 10.0.0 found.
2022-12-01 01:00:18.709 - INFO - 8919 - azureml.automl.core.package_utilities._has_versionconflict_or_not_installed:277 - Package: cryptography, Version: 38.0.1 found.
2022-12-01 01:00:18.709 - INFO - 8919 - azureml.automl.core.package_utilities._has_versionconflict_or_not_installed:277 - Package: pkginfo, Version: 1.8.3 found.
2022-12-01 01:00:18.710 - INFO - 8919 - azureml.automl.core.package_utilities._has_versionconflict_or_not_installed:277 - Package: azure-mgmt-keyvault, Version: 10.1.0 found.
2022-12-01 01:00:18.710 - INFO - 8919 - azureml.automl.core.package_utilities._has_versionconflict_or_not_installed:277 - Package: urllib3, Version: 1.26.12 found.
2022-12-01 01:00:18.710 - INFO - 8919 - azureml.automl.core.package_utilities._has_versionconflict_or_not_installed:277 - Package: adal, Version: 1.2.7 found.
2022-12-01 01:00:18.710 - INFO - 8919 - azureml.automl.core.package_utilities._has_versionconflict_or_not_installed:277 - Package: azure-mgmt-storage, Version: 20.1.0 found.
2022-12-01 01:00:18.710 - INFO - 8919 - azureml.automl.core.package_utilities._has_versionconflict_or_not_installed:277 - Package: pyopenssl, Version: 22.0.0 found.
2022-12-01 01:00:18.711 - INFO - 8919 - azureml.automl.core.package_utilities._has_versionconflict_or_not_installed:277 - Package: knack, Version: 0.10.0 found.
2022-12-01 01:00:18.711 - INFO - 8919 - azureml.automl.core.package_utilities._has_versionconflict_or_not_installed:277 - Package: msal-extensions, Version: 0.3.1 found.
2022-12-01 01:00:18.711 - INFO - 8919 - azureml.automl.core.package_utilities._has_versionconflict_or_not_installed:277 - Package: azure-graphrbac, Version: 0.61.1 found.
2022-12-01 01:00:18.711 - INFO - 8919 - azureml.automl.core.package_utilities._has_versionconflict_or_not_installed:277 - Package: paramiko, Version: 2.11.0 found.
2022-12-01 01:00:18.711 - INFO - 8919 - azureml.automl.core.package_utilities._has_versionconflict_or_not_installed:277 - Package: azure-common, Version: 1.1.28 found.
2022-12-01 01:00:18.712 - INFO - 8919 - azureml.automl.core.package_utilities._has_versionconflict_or_not_installed:277 - Package: argcomplete, Version: 2.0.0 found.
2022-12-01 01:00:18.712 - INFO - 8919 - azureml.automl.core.package_utilities._has_versionconflict_or_not_installed:277 - Package: python-dateutil, Version: 2.8.2 found.
2022-12-01 01:00:18.712 - INFO - 8919 - azureml.automl.core.package_utilities._has_versionconflict_or_not_installed:277 - Package: docker, Version: 6.0.0 found.
2022-12-01 01:00:18.712 - INFO - 8919 - azureml.automl.core.package_utilities._has_versionconflict_or_not_installed:277 - Package: jmespath, Version: 0.10.0 found.
2022-12-01 01:00:18.713 - INFO - 8919 - azureml.automl.core.package_utilities._has_versionconflict_or_not_installed:277 - Package: azure-core, Version: 1.26.0 found.
2022-12-01 01:00:18.713 - INFO - 8919 - azureml.automl.core.package_utilities._has_versionconflict_or_not_installed:277 - Package: contextlib2, Version: 21.6.0 found.
2022-12-01 01:00:18.713 - INFO - 8919 - azureml.automl.core.package_utilities._has_versionconflict_or_not_installed:277 - Package: msal, Version: 1.20.0 found.
2022-12-01 01:00:18.713 - INFO - 8919 - azureml.automl.core.package_utilities._has_versionconflict_or_not_installed:277 - Package: msrestazure, Version: 0.6.4 found.
2022-12-01 01:00:18.713 - INFO - 8919 - azureml.automl.core.package_utilities._has_versionconflict_or_not_installed:277 - Package: pyjwt, Version: 2.4.0 found.
2022-12-01 01:00:18.714 - INFO - 8919 - azureml.automl.core.package_utilities._has_versionconflict_or_not_installed:277 - Package: pytz, Version: 2022.5 found.
2022-12-01 01:00:18.714 - INFO - 8919 - azureml.automl.core.package_utilities._has_versionconflict_or_not_installed:277 - Package: jsonpickle, Version: 2.2.0 found.
2022-12-01 01:00:18.714 - INFO - 8919 - azureml.automl.core.package_utilities._has_versionconflict_or_not_installed:277 - Package: humanfriendly, Version: 10.0 found.
2022-12-01 01:00:18.714 - INFO - 8919 - azureml.automl.core.package_utilities._has_versionconflict_or_not_installed:277 - Package: msrest, Version: 0.7.1 found.
2022-12-01 01:00:18.714 - INFO - 8919 - azureml.automl.core.package_utilities._has_versionconflict_or_not_installed:277 - Package: azureml-core, Version: 1.47.0 found.
2022-12-01 01:00:18.715 - INFO - 8919 - azureml.automl.core.package_utilities._has_versionconflict_or_not_installed:277 - Package: azureml-core, Version: 1.47.0 found.
2022-12-01 01:00:18.715 - INFO - 8919 - azureml.automl.core.package_utilities._has_versionconflict_or_not_installed:277 - Package: applicationinsights, Version: 0.11.10 found.
2022-12-01 01:00:18.715 - INFO - 8919 - azureml.automl.core.package_utilities._has_versionconflict_or_not_installed:277 - Package: azureml-train-core, Version: 1.47.0 found.
2022-12-01 01:00:18.715 - INFO - 8919 - azureml.automl.core.package_utilities._has_versionconflict_or_not_installed:277 - Package: azureml-automl-core, Version: 1.47.0 found.
2022-12-01 01:00:18.716 - INFO - 8919 - azureml.automl.core.package_utilities._has_versionconflict_or_not_installed:277 - Package: azureml-core, Version: 1.47.0 found.
2022-12-01 01:00:18.716 - INFO - 8919 - azureml.automl.core.package_utilities._has_versionconflict_or_not_installed:277 - Package: azureml-dataset-runtime, Version: 1.47.0 found.
2022-12-01 01:00:18.716 - INFO - 8919 - azureml.automl.core.package_utilities._has_versionconflict_or_not_installed:277 - Package: azureml-telemetry, Version: 1.47.0 found.
2022-12-01 01:00:18.716 - INFO - 8919 - azureml.automl.core.package_utilities._has_versionconflict_or_not_installed:277 - Package: azureml-automl-core, Version: 1.47.0 found.
2022-12-01 01:00:18.717 - INFO - 8919 - azureml.automl.core.package_utilities._has_versionconflict_or_not_installed:277 - Package: scipy, Version: 1.5.3 found.
2022-12-01 01:00:18.717 - INFO - 8919 - azureml.automl.core.package_utilities._has_versionconflict_or_not_installed:277 - Package: azure-storage-queue, Version: 12.5.0 found.
2022-12-01 01:00:18.717 - INFO - 8919 - azureml.automl.core.package_utilities._has_versionconflict_or_not_installed:277 - Package: boto3, Version: 1.20.19 found.
2022-12-01 01:00:18.717 - INFO - 8919 - azureml.automl.core.package_utilities._has_versionconflict_or_not_installed:277 - Package: smart-open, Version: 1.9.0 found.
2022-12-01 01:00:18.717 - INFO - 8919 - azureml.automl.core.package_utilities._has_versionconflict_or_not_installed:277 - Package: azureml-mlflow, Version: 1.47.0 found.
2022-12-01 01:00:18.718 - INFO - 8919 - azureml.automl.core.package_utilities._has_versionconflict_or_not_installed:277 - Package: onnxconverter-common, Version: 1.6.0 found.
2022-12-01 01:00:18.718 - INFO - 8919 - azureml.automl.core.package_utilities._has_versionconflict_or_not_installed:277 - Package: dask, Version: 2.30.0 found.
2022-12-01 01:00:18.718 - INFO - 8919 - azureml.automl.core.package_utilities._has_versionconflict_or_not_installed:277 - Package: distributed, Version: 2.30.1 found.
2022-12-01 01:00:18.718 - INFO - 8919 - azureml.automl.core.package_utilities._has_versionconflict_or_not_installed:277 - Package: numpy, Version: 1.21.6 found.
2022-12-01 01:00:18.718 - INFO - 8919 - azureml.automl.core.package_utilities._has_versionconflict_or_not_installed:277 - Package: botocore, Version: 1.23.19 found.
2022-12-01 01:00:18.719 - INFO - 8919 - azureml.automl.core.package_utilities._has_versionconflict_or_not_installed:277 - Package: azureml-core, Version: 1.47.0 found.
2022-12-01 01:00:18.719 - INFO - 8919 - azureml.automl.core.package_utilities._has_versionconflict_or_not_installed:277 - Package: onnx, Version: 1.12.0 found.
2022-12-01 01:00:18.719 - INFO - 8919 - azureml.automl.core.package_utilities._has_versionconflict_or_not_installed:277 - Package: keras2onnx, Version: 1.6.0 found.
2022-12-01 01:00:18.719 - INFO - 8919 - azureml.automl.core.package_utilities._has_versionconflict_or_not_installed:277 - Package: onnxmltools, Version: 1.4.1 found.
2022-12-01 01:00:18.721 - INFO - 8919 - azureml.automl.core.package_utilities._has_versionconflict_or_not_installed:277 - Package: statsmodels, Version: 0.11.0 found.
2022-12-01 01:00:18.721 - INFO - 8919 - azureml.automl.core.package_utilities._has_versionconflict_or_not_installed:277 - Package: azureml-interpret, Version: 1.47.0 found.
2022-12-01 01:00:18.722 - INFO - 8919 - azureml.automl.core.package_utilities._has_versionconflict_or_not_installed:277 - Package: onnxruntime, Version: 1.11.1 found.
2022-12-01 01:00:18.722 - INFO - 8919 - azureml.automl.core.package_utilities._has_versionconflict_or_not_installed:277 - Package: azureml-train-automl-client, Version: 1.47.0 found.
2022-12-01 01:00:18.722 - INFO - 8919 - azureml.automl.core.package_utilities._has_versionconflict_or_not_installed:277 - Package: markupsafe, Version: 2.0.1 found.
2022-12-01 01:00:18.722 - INFO - 8919 - azureml.automl.core.package_utilities._has_versionconflict_or_not_installed:277 - Package: gensim, Version: 3.8.3 found.
2022-12-01 01:00:18.722 - INFO - 8919 - azureml.automl.core.package_utilities._has_versionconflict_or_not_installed:277 - Package: azureml-telemetry, Version: 1.47.0 found.
2022-12-01 01:00:18.723 - INFO - 8919 - azureml.automl.core.package_utilities._has_versionconflict_or_not_installed:277 - Package: jinja2, Version: 2.11.2 found.
2022-12-01 01:00:18.723 - INFO - 8919 - azureml.automl.core.package_utilities._has_versionconflict_or_not_installed:277 - Package: azureml-automl-runtime, Version: 1.47.0 found.
2022-12-01 01:00:18.723 - INFO - 8919 - azureml.automl.core.package_utilities._has_versionconflict_or_not_installed:277 - Package: skl2onnx, Version: 1.4.9 found.
2022-12-01 01:00:18.723 - INFO - 8919 - azureml.automl.core.package_utilities._has_versionconflict_or_not_installed:277 - Package: azureml-dataset-runtime, Version: 1.47.0 found.
2022-12-01 01:00:18.723 - INFO - 8919 - azureml.automl.core.package_utilities._has_versionconflict_or_not_installed:277 - Package: lightgbm, Version: 3.2.1 found.
2022-12-01 01:00:18.724 - INFO - 8919 - azureml.automl.core.package_utilities._has_versionconflict_or_not_installed:277 - Package: scikit-learn, Version: 0.22.1 found.
2022-12-01 01:00:18.724 - INFO - 8919 - azureml.automl.core.package_utilities._has_versionconflict_or_not_installed:277 - Package: sklearn-pandas, Version: 1.7.0 found.
2022-12-01 01:00:18.724 - INFO - 8919 - azureml.automl.core.package_utilities._has_versionconflict_or_not_installed:277 - Package: pandas, Version: 1.1.5 found.
2022-12-01 01:00:18.724 - INFO - 8919 - azureml.automl.core.package_utilities._has_versionconflict_or_not_installed:277 - Package: azureml-dataset-runtime, Version: 1.47.0 found.
2022-12-01 01:00:18.725 - INFO - 8919 - azureml.automl.core.package_utilities._has_versionconflict_or_not_installed:277 - Package: azureml-telemetry, Version: 1.47.0 found.
2022-12-01 01:00:18.725 - INFO - 8919 - azureml.automl.core.package_utilities._has_versionconflict_or_not_installed:277 - Package: azureml-automl-core, Version: 1.47.0 found.
2022-12-01 01:00:18.725 - INFO - 8919 - azureml.automl.core.package_utilities._has_versionconflict_or_not_installed:277 - Package: dill, Version: 0.3.5.1 found.
2022-12-01 01:00:18.725 - INFO - 8919 - azureml.automl.core.package_utilities._has_versionconflict_or_not_installed:277 - Package: protobuf, Version: 3.20.1 found.
2022-12-01 01:00:18.726 - INFO - 8919 - azureml.automl.core.package_utilities._has_versionconflict_or_not_installed:277 - Package: scipy, Version: 1.5.3 found.
2022-12-01 01:00:18.726 - INFO - 8919 - azureml.automl.core.package_utilities._has_versionconflict_or_not_installed:277 - Package: boto3, Version: 1.20.19 found.
2022-12-01 01:00:18.726 - INFO - 8919 - azureml.automl.core.package_utilities._has_versionconflict_or_not_installed:277 - Package: smart-open, Version: 1.9.0 found.
2022-12-01 01:00:18.726 - INFO - 8919 - azureml.automl.core.package_utilities._has_versionconflict_or_not_installed:277 - Package: onnxconverter-common, Version: 1.6.0 found.
2022-12-01 01:00:18.726 - INFO - 8919 - azureml.automl.core.package_utilities._has_versionconflict_or_not_installed:277 - Package: pmdarima, Version: 1.7.1 found.
2022-12-01 01:00:18.727 - INFO - 8919 - azureml.automl.core.package_utilities._has_versionconflict_or_not_installed:277 - Package: dataclasses, Version: 0.6 found.
2022-12-01 01:00:18.727 - INFO - 8919 - azureml.automl.core.package_utilities._has_versionconflict_or_not_installed:277 - Package: numpy, Version: 1.21.6 found.
2022-12-01 01:00:18.727 - INFO - 8919 - azureml.automl.core.package_utilities._has_versionconflict_or_not_installed:277 - Package: botocore, Version: 1.23.19 found.
2022-12-01 01:00:18.727 - INFO - 8919 - azureml.automl.core.package_utilities._has_versionconflict_or_not_installed:277 - Package: onnx, Version: 1.12.0 found.
2022-12-01 01:00:18.727 - INFO - 8919 - azureml.automl.core.package_utilities._has_versionconflict_or_not_installed:277 - Package: azureml-training-tabular, Version: 1.47.0 found.
2022-12-01 01:00:18.728 - INFO - 8919 - azureml.automl.core.package_utilities._has_versionconflict_or_not_installed:277 - Package: keras2onnx, Version: 1.6.0 found.
2022-12-01 01:00:18.728 - INFO - 8919 - azureml.automl.core.package_utilities._has_versionconflict_or_not_installed:277 - Package: onnxmltools, Version: 1.4.1 found.
2022-12-01 01:00:18.728 - INFO - 8919 - azureml.automl.core.package_utilities._has_versionconflict_or_not_installed:277 - Package: statsmodels, Version: 0.11.0 found.
2022-12-01 01:00:18.728 - INFO - 8919 - azureml.automl.core.package_utilities._has_versionconflict_or_not_installed:277 - Package: dotnetcore2, Version: 3.1.23 found.
2022-12-01 01:00:18.729 - INFO - 8919 - azureml.automl.core.package_utilities._has_versionconflict_or_not_installed:277 - Package: onnxruntime, Version: 1.11.1 found.
2022-12-01 01:00:18.729 - INFO - 8919 - azureml.automl.core.package_utilities._has_versionconflict_or_not_installed:277 - Package: psutil, Version: 5.9.3 found.
2022-12-01 01:00:18.729 - INFO - 8919 - azureml.automl.core.package_utilities._has_versionconflict_or_not_installed:277 - Package: joblib, Version: 0.14.1 found.
2022-12-01 01:00:18.729 - INFO - 8919 - azureml.automl.core.package_utilities._has_versionconflict_or_not_installed:277 - Package: gensim, Version: 3.8.3 found.
2022-12-01 01:00:18.729 - INFO - 8919 - azureml.automl.core.package_utilities._has_versionconflict_or_not_installed:277 - Package: nimbusml, Version: 1.8.0 found.
2022-12-01 01:00:18.730 - INFO - 8919 - azureml.automl.core.package_utilities._has_versionconflict_or_not_installed:277 - Package: azureml-dataset-runtime, Version: 1.47.0 found.
2022-12-01 01:00:18.730 - INFO - 8919 - azureml.automl.core.package_utilities._has_versionconflict_or_not_installed:277 - Package: skl2onnx, Version: 1.4.9 found.
2022-12-01 01:00:18.730 - INFO - 8919 - azureml.automl.core.package_utilities._has_versionconflict_or_not_installed:277 - Package: lightgbm, Version: 3.2.1 found.
2022-12-01 01:00:18.730 - INFO - 8919 - azureml.automl.core.package_utilities._has_versionconflict_or_not_installed:277 - Package: scikit-learn, Version: 0.22.1 found.
2022-12-01 01:00:18.731 - INFO - 8919 - azureml.automl.core.package_utilities._has_versionconflict_or_not_installed:277 - Package: sklearn-pandas, Version: 1.7.0 found.
2022-12-01 01:00:18.731 - INFO - 8919 - azureml.automl.core.package_utilities._has_versionconflict_or_not_installed:277 - Package: pandas, Version: 1.1.5 found.
2022-12-01 01:00:18.731 - INFO - 8919 - azureml.automl.core.package_utilities._has_versionconflict_or_not_installed:277 - Package: azureml-inference-server-http, Version: 0.7.6 found.
2022-12-01 01:00:18.731 - INFO - 8919 - azureml.automl.core.package_utilities._has_versionconflict_or_not_installed:277 - Package: json-logging-py, Version: 0.2 found.
2022-12-01 01:00:18.731 - INFO - 8919 - azureml.automl.core.package_utilities._has_versionconflict_or_not_installed:277 - Package: azureml-dataset-runtime, Version: 1.47.0 found.
2022-12-01 01:00:18.732 - INFO - 8919 - azureml.automl.core.package_utilities._has_versionconflict_or_not_installed:277 - Package: azureml-core, Version: 1.47.0 found.
2022-12-01 01:00:18.732 - INFO - 8919 - azureml.automl.core.package_utilities._has_versionconflict_or_not_installed:277 - Package: configparser, Version: 3.7.4 found.
2022-12-01 01:00:18.732 - INFO - 8919 - azureml.automl.core.package_utilities._has_versionconflict_or_not_installed:277 - Package: azure-identity, Version: 1.7.0 found.
2022-12-01 01:00:18.732 - INFO - 8919 - azureml.automl.core.package_utilities._has_versionconflict_or_not_installed:277 - Package: azureml-dataprep-native, Version: 38.0.0 found.
2022-12-01 01:00:18.732 - INFO - 8919 - azureml.automl.core.package_utilities._has_versionconflict_or_not_installed:277 - Package: azureml-dataprep-rslex, Version: 2.11.4 found.
2022-12-01 01:00:18.733 - INFO - 8919 - azureml.automl.core.package_utilities._has_versionconflict_or_not_installed:277 - Package: jsonschema, Version: 4.16.0 found.
2022-12-01 01:00:18.733 - INFO - 8919 - azureml.automl.core.package_utilities._has_versionconflict_or_not_installed:277 - Package: pyyaml, Version: 6.0 found.
2022-12-01 01:00:18.733 - INFO - 8919 - azureml.automl.core.package_utilities._has_versionconflict_or_not_installed:277 - Package: dotnetcore2, Version: 3.1.23 found.
2022-12-01 01:00:18.733 - INFO - 8919 - azureml.automl.core.package_utilities._has_versionconflict_or_not_installed:277 - Package: cloudpickle, Version: 1.6.0 found.
2022-12-01 01:00:18.734 - INFO - 8919 - azureml.automl.core.package_utilities._has_versionconflict_or_not_installed:277 - Package: ipywidgets, Version: 7.7.1 found.
2022-12-01 01:00:18.734 - INFO - 8919 - azureml.automl.core.package_utilities._has_versionconflict_or_not_installed:277 - Package: jinja2, Version: 2.11.2 found.
2022-12-01 01:00:18.734 - INFO - 8919 - azureml.automl.core.package_utilities._has_versionconflict_or_not_installed:277 - Package: azureml-core, Version: 1.47.0 found.
2022-12-01 01:00:18.734 - INFO - 8919 - azureml.automl.core.package_utilities._has_versionconflict_or_not_installed:277 - Package: azure-storage-blob, Version: 12.13.0 found.
2022-12-01 01:00:18.734 - INFO - 8919 - azureml.automl.core.package_utilities._has_versionconflict_or_not_installed:277 - Package: markupsafe, Version: 2.0.1 found.
2022-12-01 01:00:18.735 - INFO - 8919 - azureml.automl.core.package_utilities._has_versionconflict_or_not_installed:277 - Package: azureml-telemetry, Version: 1.47.0 found.
2022-12-01 01:00:18.735 - INFO - 8919 - azureml.automl.core.package_utilities._get_validated_requirements:396 - Verified requirements file validated_linux_requirements.txt found.
2022-12-01 01:00:19.331 - INFO - 8919 - azureml.automl.core.package_utilities._has_versionconflict_or_not_installed:277 - Package: adal, Version: 1.2.7 found.
2022-12-01 01:00:19.331 - INFO - 8919 - azureml.automl.core.package_utilities._has_versionconflict_or_not_installed:277 - Package: applicationinsights, Version: 0.11.10 found.
2022-12-01 01:00:19.332 - INFO - 8919 - azureml.automl.core.package_utilities._has_versionconflict_or_not_installed:277 - Package: argcomplete, Version: 2.0.0 found.
2022-12-01 01:00:19.332 - INFO - 8919 - azureml.automl.core.package_utilities._has_versionconflict_or_not_installed:277 - Package: attrs, Version: 22.1.0 found.
2022-12-01 01:00:19.332 - INFO - 8919 - azureml.automl.core.package_utilities._has_versionconflict_or_not_installed:277 - Package: azure-common, Version: 1.1.28 found.
2022-12-01 01:00:19.332 - INFO - 8919 - azureml.automl.core.package_utilities._has_versionconflict_or_not_installed:277 - Package: azure-core, Version: 1.26.0 found.
2022-12-01 01:00:19.333 - INFO - 8919 - azureml.automl.core.package_utilities._has_versionconflict_or_not_installed:277 - Package: azure-graphrbac, Version: 0.61.1 found.
2022-12-01 01:00:19.333 - INFO - 8919 - azureml.automl.core.package_utilities._has_versionconflict_or_not_installed:277 - Package: azure-identity, Version: 1.7.0 found.
2022-12-01 01:00:19.333 - INFO - 8919 - azureml.automl.core.package_utilities._has_versionconflict_or_not_installed:277 - Package: azure-mgmt-authorization, Version: 2.0.0 found.
2022-12-01 01:00:19.333 - INFO - 8919 - azureml.automl.core.package_utilities._has_versionconflict_or_not_installed:277 - Package: azure-mgmt-containerregistry, Version: 10.0.0 found.
2022-12-01 01:00:19.333 - INFO - 8919 - azureml.automl.core.package_utilities._has_versionconflict_or_not_installed:277 - Package: azure-mgmt-core, Version: 1.3.2 found.
2022-12-01 01:00:19.334 - INFO - 8919 - azureml.automl.core.package_utilities._has_versionconflict_or_not_installed:277 - Package: azure-mgmt-keyvault, Version: 10.1.0 found.
2022-12-01 01:00:19.334 - INFO - 8919 - azureml.automl.core.package_utilities._has_versionconflict_or_not_installed:277 - Package: azure-mgmt-resource, Version: 21.2.1 found.
2022-12-01 01:00:19.334 - INFO - 8919 - azureml.automl.core.package_utilities._has_versionconflict_or_not_installed:277 - Package: azure-mgmt-storage, Version: 20.1.0 found.
2022-12-01 01:00:19.334 - INFO - 8919 - azureml.automl.core.package_utilities._has_versionconflict_or_not_installed:277 - Package: azure-storage-blob, Version: 12.13.0 found.
2022-12-01 01:00:19.334 - INFO - 8919 - azureml.automl.core.package_utilities._has_versionconflict_or_not_installed:277 - Package: azure-storage-queue, Version: 12.5.0 found.
2022-12-01 01:00:19.335 - INFO - 8919 - azureml.automl.core.package_utilities._has_versionconflict_or_not_installed:277 - Package: backports.tempfile, Version: 1.0 found.
2022-12-01 01:00:19.335 - INFO - 8919 - azureml.automl.core.package_utilities._has_versionconflict_or_not_installed:277 - Package: backports.weakref, Version: 1.0.post1 found.
2022-12-01 01:00:19.335 - INFO - 8919 - azureml.automl.core.package_utilities._has_versionconflict_or_not_installed:277 - Package: bcrypt, Version: 4.0.1 found.
2022-12-01 01:00:19.335 - INFO - 8919 - azureml.automl.core.package_utilities._has_versionconflict_or_not_installed:277 - Package: bokeh, Version: 2.4.3 found.
2022-12-01 01:00:19.335 - INFO - 8919 - azureml.automl.core.package_utilities._has_versionconflict_or_not_installed:277 - Package: boto, Version: 2.49.0 found.
2022-12-01 01:00:19.336 - INFO - 8919 - azureml.automl.core.package_utilities._has_versionconflict_or_not_installed:277 - Package: boto3, Version: 1.20.19 found.
2022-12-01 01:00:19.336 - INFO - 8919 - azureml.automl.core.package_utilities._has_versionconflict_or_not_installed:277 - Package: botocore, Version: 1.23.19 found.
2022-12-01 01:00:19.336 - INFO - 8919 - azureml.automl.core.package_utilities._has_versionconflict_or_not_installed:277 - Package: click, Version: 8.1.3 found.
2022-12-01 01:00:19.336 - INFO - 8919 - azureml.automl.core.package_utilities._has_versionconflict_or_not_installed:277 - Package: cloudpickle, Version: 1.6.0 found.
2022-12-01 01:00:19.337 - INFO - 8919 - azureml.automl.core.package_utilities._has_versionconflict_or_not_installed:277 - Package: contextlib2, Version: 21.6.0 found.
2022-12-01 01:00:19.337 - WARNING - 8919 - azureml.automl.core.package_utilities._get_unverified_dependencies:301 - Package Cython missing from working set.
2022-12-01 01:00:19.337 - INFO - 8919 - azureml.automl.core.package_utilities._has_versionconflict_or_not_installed:277 - Package: dask, Version: 2.30.0 found.
2022-12-01 01:00:19.337 - INFO - 8919 - azureml.automl.core.package_utilities._has_versionconflict_or_not_installed:277 - Package: databricks-cli, Version: 0.17.3 found.
2022-12-01 01:00:19.338 - INFO - 8919 - azureml.automl.core.package_utilities._has_versionconflict_or_not_installed:277 - Package: dataclasses, Version: 0.6 found.
2022-12-01 01:00:19.338 - INFO - 8919 - azureml.automl.core.package_utilities._has_versionconflict_or_not_installed:277 - Package: dill, Version: 0.3.5.1 found.
2022-12-01 01:00:19.338 - INFO - 8919 - azureml.automl.core.package_utilities._has_versionconflict_or_not_installed:277 - Package: distributed, Version: 2.30.1 found.
2022-12-01 01:00:19.338 - INFO - 8919 - azureml.automl.core.package_utilities._has_versionconflict_or_not_installed:277 - Package: distro, Version: 1.8.0 found.
2022-12-01 01:00:19.338 - INFO - 8919 - azureml.automl.core.package_utilities._has_versionconflict_or_not_installed:277 - Package: docker, Version: 6.0.0 found.
2022-12-01 01:00:19.339 - INFO - 8919 - azureml.automl.core.package_utilities._has_versionconflict_or_not_installed:277 - Package: dotnetcore2, Version: 3.1.23 found.
2022-12-01 01:00:19.339 - INFO - 8919 - azureml.automl.core.package_utilities._has_versionconflict_or_not_installed:277 - Package: entrypoints, Version: 0.4 found.
2022-12-01 01:00:19.339 - INFO - 8919 - azureml.automl.core.package_utilities._has_versionconflict_or_not_installed:277 - Package: fire, Version: 0.4.0 found.
2022-12-01 01:00:19.339 - INFO - 8919 - azureml.automl.core.package_utilities._has_versionconflict_or_not_installed:277 - Package: flatbuffers, Version: 22.9.24 found.
2022-12-01 01:00:19.339 - INFO - 8919 - azureml.automl.core.package_utilities._has_versionconflict_or_not_installed:277 - Package: fsspec, Version: 2022.10.0 found.
2022-12-01 01:00:19.340 - INFO - 8919 - azureml.automl.core.package_utilities._has_versionconflict_or_not_installed:277 - Package: fusepy, Version: 3.0.1 found.
2022-12-01 01:00:19.340 - INFO - 8919 - azureml.automl.core.package_utilities._has_versionconflict_or_not_installed:277 - Package: gensim, Version: 3.8.3 found.
2022-12-01 01:00:19.340 - INFO - 8919 - azureml.automl.core.package_utilities._has_versionconflict_or_not_installed:277 - Package: gitdb, Version: 4.0.9 found.
2022-12-01 01:00:19.340 - WARNING - 8919 - azureml.automl.core.package_utilities._get_unverified_dependencies:301 - Package GitPython missing from working set.
2022-12-01 01:00:19.340 - WARNING - 8919 - azureml.automl.core.package_utilities._get_unverified_dependencies:301 - Package HeapDict missing from working set.
2022-12-01 01:00:19.340 - INFO - 8919 - azureml.automl.core.package_utilities._has_versionconflict_or_not_installed:277 - Package: humanfriendly, Version: 10.0 found.
2022-12-01 01:00:19.341 - INFO - 8919 - azureml.automl.core.package_utilities._has_versionconflict_or_not_installed:277 - Package: importlib-metadata, Version: 4.13.0 found.
2022-12-01 01:00:19.341 - INFO - 8919 - azureml.automl.core.package_utilities._has_versionconflict_or_not_installed:277 - Package: importlib-resources, Version: 5.10.0 found.
2022-12-01 01:00:19.341 - INFO - 8919 - azureml.automl.core.package_utilities._has_versionconflict_or_not_installed:277 - Package: interpret-community, Version: 0.27.0 found.
2022-12-01 01:00:19.341 - INFO - 8919 - azureml.automl.core.package_utilities._has_versionconflict_or_not_installed:277 - Package: interpret-core, Version: 0.2.7 found.
2022-12-01 01:00:19.341 - INFO - 8919 - azureml.automl.core.package_utilities._has_versionconflict_or_not_installed:277 - Package: isodate, Version: 0.6.1 found.
2022-12-01 01:00:19.342 - INFO - 8919 - azureml.automl.core.package_utilities._has_versionconflict_or_not_installed:277 - Package: jeepney, Version: 0.8.0 found.
2022-12-01 01:00:19.342 - WARNING - 8919 - azureml.automl.core.package_utilities._get_unverified_dependencies:301 - Package Jinja2 missing from working set.
2022-12-01 01:00:19.342 - INFO - 8919 - azureml.automl.core.package_utilities._has_versionconflict_or_not_installed:277 - Package: jmespath, Version: 0.10.0 found.
2022-12-01 01:00:19.342 - INFO - 8919 - azureml.automl.core.package_utilities._has_versionconflict_or_not_installed:277 - Package: joblib, Version: 0.14.1 found.
2022-12-01 01:00:19.342 - INFO - 8919 - azureml.automl.core.package_utilities._has_versionconflict_or_not_installed:277 - Package: jsonpickle, Version: 2.2.0 found.
2022-12-01 01:00:19.343 - INFO - 8919 - azureml.automl.core.package_utilities._has_versionconflict_or_not_installed:277 - Package: jsonschema, Version: 4.16.0 found.
2022-12-01 01:00:19.343 - INFO - 8919 - azureml.automl.core.package_utilities._has_versionconflict_or_not_installed:277 - Package: keras2onnx, Version: 1.6.0 found.
2022-12-01 01:00:19.343 - INFO - 8919 - azureml.automl.core.package_utilities._has_versionconflict_or_not_installed:277 - Package: knack, Version: 0.10.0 found.
2022-12-01 01:00:19.343 - INFO - 8919 - azureml.automl.core.package_utilities._has_versionconflict_or_not_installed:277 - Package: lightgbm, Version: 3.2.1 found.
2022-12-01 01:00:19.343 - INFO - 8919 - azureml.automl.core.package_utilities._has_versionconflict_or_not_installed:277 - Package: llvmlite, Version: 0.38.1 found.
2022-12-01 01:00:19.344 - INFO - 8919 - azureml.automl.core.package_utilities._has_versionconflict_or_not_installed:277 - Package: locket, Version: 1.0.0 found.
2022-12-01 01:00:19.344 - WARNING - 8919 - azureml.automl.core.package_utilities._get_unverified_dependencies:301 - Package MarkupSafe missing from working set.
2022-12-01 01:00:19.344 - INFO - 8919 - azureml.automl.core.package_utilities._has_versionconflict_or_not_installed:277 - Package: ml-wrappers, Version: 0.2.2 found.
2022-12-01 01:00:19.344 - INFO - 8919 - azureml.automl.core.package_utilities._has_versionconflict_or_not_installed:277 - Package: mlflow-skinny, Version: 1.29.0 found.
2022-12-01 01:00:19.344 - INFO - 8919 - azureml.automl.core.package_utilities._has_versionconflict_or_not_installed:277 - Package: msal, Version: 1.20.0 found.
2022-12-01 01:00:19.345 - INFO - 8919 - azureml.automl.core.package_utilities._has_versionconflict_or_not_installed:277 - Package: msal-extensions, Version: 0.3.1 found.
2022-12-01 01:00:19.345 - INFO - 8919 - azureml.automl.core.package_utilities._has_versionconflict_or_not_installed:277 - Package: msgpack, Version: 1.0.4 found.
2022-12-01 01:00:19.345 - INFO - 8919 - azureml.automl.core.package_utilities._has_versionconflict_or_not_installed:277 - Package: msrest, Version: 0.7.1 found.
2022-12-01 01:00:19.345 - INFO - 8919 - azureml.automl.core.package_utilities._has_versionconflict_or_not_installed:277 - Package: msrestazure, Version: 0.6.4 found.
2022-12-01 01:00:19.345 - INFO - 8919 - azureml.automl.core.package_utilities._has_versionconflict_or_not_installed:277 - Package: ndg-httpsclient, Version: 0.5.1 found.
2022-12-01 01:00:19.346 - INFO - 8919 - azureml.automl.core.package_utilities._has_versionconflict_or_not_installed:277 - Package: nimbusml, Version: 1.8.0 found.
2022-12-01 01:00:19.346 - INFO - 8919 - azureml.automl.core.package_utilities._has_versionconflict_or_not_installed:277 - Package: numba, Version: 0.55.2 found.
2022-12-01 01:00:19.346 - INFO - 8919 - azureml.automl.core.package_utilities._has_versionconflict_or_not_installed:277 - Package: numpy, Version: 1.21.6 found.
2022-12-01 01:00:19.346 - INFO - 8919 - azureml.automl.core.package_utilities._has_versionconflict_or_not_installed:277 - Package: oauthlib, Version: 3.2.2 found.
2022-12-01 01:00:19.346 - INFO - 8919 - azureml.automl.core.package_utilities._has_versionconflict_or_not_installed:277 - Package: onnx, Version: 1.12.0 found.
2022-12-01 01:00:19.347 - INFO - 8919 - azureml.automl.core.package_utilities._has_versionconflict_or_not_installed:277 - Package: onnxconverter-common, Version: 1.6.0 found.
2022-12-01 01:00:19.347 - INFO - 8919 - azureml.automl.core.package_utilities._has_versionconflict_or_not_installed:277 - Package: onnxmltools, Version: 1.4.1 found.
2022-12-01 01:00:19.347 - INFO - 8919 - azureml.automl.core.package_utilities._has_versionconflict_or_not_installed:277 - Package: onnxruntime, Version: 1.11.1 found.
2022-12-01 01:00:19.347 - INFO - 8919 - azureml.automl.core.package_utilities._has_versionconflict_or_not_installed:277 - Package: packaging, Version: 21.3 found.
2022-12-01 01:00:19.348 - INFO - 8919 - azureml.automl.core.package_utilities._has_versionconflict_or_not_installed:277 - Package: pandas, Version: 1.1.5 found.
2022-12-01 01:00:19.348 - INFO - 8919 - azureml.automl.core.package_utilities._has_versionconflict_or_not_installed:277 - Package: paramiko, Version: 2.11.0 found.
2022-12-01 01:00:19.348 - INFO - 8919 - azureml.automl.core.package_utilities._has_versionconflict_or_not_installed:277 - Package: partd, Version: 1.3.0 found.
2022-12-01 01:00:19.348 - INFO - 8919 - azureml.automl.core.package_utilities._has_versionconflict_or_not_installed:277 - Package: pathspec, Version: 0.10.1 found.
2022-12-01 01:00:19.348 - INFO - 8919 - azureml.automl.core.package_utilities._has_versionconflict_or_not_installed:277 - Package: patsy, Version: 0.5.3 found.
2022-12-01 01:00:19.349 - WARNING - 8919 - azureml.automl.core.package_utilities._get_unverified_dependencies:301 - Package Pillow missing from working set.
2022-12-01 01:00:19.349 - INFO - 8919 - azureml.automl.core.package_utilities._has_versionconflict_or_not_installed:277 - Package: pkginfo, Version: 1.8.3 found.
2022-12-01 01:00:19.349 - INFO - 8919 - azureml.automl.core.package_utilities._has_versionconflict_or_not_installed:277 - Package: pkgutil-resolve-name, Version: 1.3.10 found.
2022-12-01 01:00:19.349 - INFO - 8919 - azureml.automl.core.package_utilities._has_versionconflict_or_not_installed:277 - Package: pmdarima, Version: 1.7.1 found.
2022-12-01 01:00:19.349 - INFO - 8919 - azureml.automl.core.package_utilities._has_versionconflict_or_not_installed:277 - Package: portalocker, Version: 2.6.0 found.
2022-12-01 01:00:19.350 - INFO - 8919 - azureml.automl.core.package_utilities._has_versionconflict_or_not_installed:277 - Package: protobuf, Version: 3.20.1 found.
2022-12-01 01:00:19.350 - INFO - 8919 - azureml.automl.core.package_utilities._has_versionconflict_or_not_installed:277 - Package: psutil, Version: 5.9.3 found.
2022-12-01 01:00:19.350 - INFO - 8919 - azureml.automl.core.package_utilities._has_versionconflict_or_not_installed:277 - Package: pyarrow, Version: 9.0.0 found.
2022-12-01 01:00:19.350 - INFO - 8919 - azureml.automl.core.package_utilities._has_versionconflict_or_not_installed:277 - Package: pyasn1, Version: 0.4.8 found.
2022-12-01 01:00:19.350 - WARNING - 8919 - azureml.automl.core.package_utilities._get_unverified_dependencies:301 - Package Pygments missing from working set.
2022-12-01 01:00:19.350 - WARNING - 8919 - azureml.automl.core.package_utilities._get_unverified_dependencies:301 - Package PyJWT missing from working set.
2022-12-01 01:00:19.351 - WARNING - 8919 - azureml.automl.core.package_utilities._get_unverified_dependencies:301 - Package PyNaCl missing from working set.
2022-12-01 01:00:19.351 - WARNING - 8919 - azureml.automl.core.package_utilities._get_unverified_dependencies:301 - Package pyOpenSSL missing from working set.
2022-12-01 01:00:19.351 - INFO - 8919 - azureml.automl.core.package_utilities._has_versionconflict_or_not_installed:277 - Package: pyparsing, Version: 3.0.9 found.
2022-12-01 01:00:19.351 - INFO - 8919 - azureml.automl.core.package_utilities._has_versionconflict_or_not_installed:277 - Package: pyrsistent, Version: 0.18.1 found.
2022-12-01 01:00:19.351 - WARNING - 8919 - azureml.automl.core.package_utilities._get_unverified_dependencies:301 - Package PySocks missing from working set.
2022-12-01 01:00:19.351 - INFO - 8919 - azureml.automl.core.package_utilities._has_versionconflict_or_not_installed:277 - Package: python-dateutil, Version: 2.8.2 found.
2022-12-01 01:00:19.352 - INFO - 8919 - azureml.automl.core.package_utilities._has_versionconflict_or_not_installed:277 - Package: pytz, Version: 2022.5 found.
2022-12-01 01:00:19.352 - WARNING - 8919 - azureml.automl.core.package_utilities._get_unverified_dependencies:301 - Package PyYAML missing from working set.
2022-12-01 01:00:19.352 - INFO - 8919 - azureml.automl.core.package_utilities._has_versionconflict_or_not_installed:277 - Package: requests-oauthlib, Version: 1.3.1 found.
2022-12-01 01:00:19.352 - INFO - 8919 - azureml.automl.core.package_utilities._has_versionconflict_or_not_installed:277 - Package: s3transfer, Version: 0.5.2 found.
2022-12-01 01:00:19.353 - INFO - 8919 - azureml.automl.core.package_utilities._has_versionconflict_or_not_installed:277 - Package: scikit-learn, Version: 0.22.1 found.
2022-12-01 01:00:19.353 - INFO - 8919 - azureml.automl.core.package_utilities._has_versionconflict_or_not_installed:277 - Package: scipy, Version: 1.5.3 found.
2022-12-01 01:00:19.353 - WARNING - 8919 - azureml.automl.core.package_utilities._get_unverified_dependencies:301 - Package SecretStorage missing from working set.
2022-12-01 01:00:19.353 - INFO - 8919 - azureml.automl.core.package_utilities._has_versionconflict_or_not_installed:277 - Package: shap, Version: 0.39.0 found.
2022-12-01 01:00:19.353 - INFO - 8919 - azureml.automl.core.package_utilities._has_versionconflict_or_not_installed:277 - Package: six, Version: 1.16.0 found.
2022-12-01 01:00:19.354 - INFO - 8919 - azureml.automl.core.package_utilities._has_versionconflict_or_not_installed:277 - Package: skl2onnx, Version: 1.4.9 found.
2022-12-01 01:00:19.354 - INFO - 8919 - azureml.automl.core.package_utilities._has_versionconflict_or_not_installed:277 - Package: sklearn-pandas, Version: 1.7.0 found.
2022-12-01 01:00:19.354 - INFO - 8919 - azureml.automl.core.package_utilities._has_versionconflict_or_not_installed:277 - Package: slicer, Version: 0.0.7 found.
2022-12-01 01:00:19.354 - INFO - 8919 - azureml.automl.core.package_utilities._has_versionconflict_or_not_installed:277 - Package: smart-open, Version: 1.9.0 found.
2022-12-01 01:00:19.354 - INFO - 8919 - azureml.automl.core.package_utilities._has_versionconflict_or_not_installed:277 - Package: smmap, Version: 5.0.0 found.
2022-12-01 01:00:19.355 - INFO - 8919 - azureml.automl.core.package_utilities._has_versionconflict_or_not_installed:277 - Package: sortedcontainers, Version: 2.4.0 found.
2022-12-01 01:00:19.355 - INFO - 8919 - azureml.automl.core.package_utilities._has_versionconflict_or_not_installed:277 - Package: sqlparse, Version: 0.4.3 found.
2022-12-01 01:00:19.355 - INFO - 8919 - azureml.automl.core.package_utilities._has_versionconflict_or_not_installed:277 - Package: statsmodels, Version: 0.11.0 found.
2022-12-01 01:00:19.355 - INFO - 8919 - azureml.automl.core.package_utilities._has_versionconflict_or_not_installed:277 - Package: tabulate, Version: 0.9.0 found.
2022-12-01 01:00:19.355 - INFO - 8919 - azureml.automl.core.package_utilities._has_versionconflict_or_not_installed:277 - Package: tblib, Version: 1.7.0 found.
2022-12-01 01:00:19.356 - INFO - 8919 - azureml.automl.core.package_utilities._has_versionconflict_or_not_installed:277 - Package: termcolor, Version: 2.0.1 found.
2022-12-01 01:00:19.356 - INFO - 8919 - azureml.automl.core.package_utilities._has_versionconflict_or_not_installed:277 - Package: tornado, Version: 6.2 found.
2022-12-01 01:00:19.356 - INFO - 8919 - azureml.automl.core.package_utilities._has_versionconflict_or_not_installed:277 - Package: typing-extensions, Version: 4.4.0 found.
2022-12-01 01:00:19.356 - INFO - 8919 - azureml.automl.core.package_utilities._has_versionconflict_or_not_installed:277 - Package: websocket-client, Version: 1.4.1 found.
2022-12-01 01:00:19.356 - INFO - 8919 - azureml.automl.core.package_utilities._has_versionconflict_or_not_installed:277 - Package: zict, Version: 2.2.0 found.
2022-12-01 01:00:19.357 - INFO - 8919 - azureml.automl.core.package_utilities._has_versionconflict_or_not_installed:277 - Package: zipp, Version: 3.9.0 found.
2022-12-01 01:00:19.357 - INFO - 8919 - azureml.automl.core.package_utilities._get_unverified_dependencies:316 - User has the following compatible packages installed:
adal==1.2.7
applicationinsights==0.11.10
argcomplete==2.0.0
attrs==22.1.0
azure-common==1.1.28
azure-core==1.26.0
azure-graphrbac==0.61.1
azure-identity==1.7.0
azure-mgmt-authorization==2.0.0
azure-mgmt-containerregistry==10.0.0
azure-mgmt-core==1.3.2
azure-mgmt-keyvault==10.1.0
azure-mgmt-resource==21.2.1
azure-mgmt-storage==20.1.0
azure-storage-blob==12.13.0
azure-storage-queue==12.5.0
backports.tempfile==1.0
backports.weakref==1.0.post1
bcrypt==4.0.1
bokeh==2.4.3
boto==2.49.0
boto3==1.20.19
botocore==1.23.19
click==8.1.3
cloudpickle==1.6.0
contextlib2==21.6.0
dask==2.30.0
databricks-cli==0.17.3
dataclasses==0.6
dill==0.3.5.1
distributed==2.30.1
distro==1.8.0
docker==6.0.0
dotnetcore2==3.1.23
entrypoints==0.4
fire==0.4.0
flatbuffers==22.9.24
fsspec==2022.10.0
fusepy==3.0.1
gensim==3.8.3
gitdb==4.0.9
humanfriendly==10.0
importlib-metadata==4.13.0
importlib-resources==5.10.0
interpret-community==0.27.0
interpret-core==0.2.7
isodate==0.6.1
jeepney==0.8.0
jmespath==0.10.0
joblib==0.14.1
jsonpickle==2.2.0
jsonschema==4.16.0
keras2onnx==1.6.0
knack==0.10.0
lightgbm==3.2.1
llvmlite==0.38.1
locket==1.0.0
ml-wrappers==0.2.2
mlflow-skinny==1.29.0
msal==1.20.0
msal-extensions==0.3.1
msgpack==1.0.4
msrest==0.7.1
msrestazure==0.6.4
ndg-httpsclient==0.5.1
nimbusml==1.8.0
numba==0.55.2
numpy==1.21.6
oauthlib==3.2.2
onnx==1.12.0
onnxconverter-common==1.6.0
onnxmltools==1.4.1
onnxruntime==1.11.1
packaging==21.3
pandas==1.1.5
paramiko==2.11.0
partd==1.3.0
pathspec==0.10.1
patsy==0.5.3
pkginfo==1.8.3
pkgutil-resolve-name==1.3.10
pmdarima==1.7.1
portalocker==2.6.0
protobuf==3.20.1
psutil==5.9.3
pyarrow==9.0.0
pyasn1==0.4.8
pyparsing==3.0.9
pyrsistent==0.18.1
python-dateutil==2.8.2
pytz==2022.5
requests-oauthlib==1.3.1
s3transfer==0.5.2
scikit-learn==0.22.1
scipy==1.5.3
shap==0.39.0
six==1.16.0
skl2onnx==1.4.9
sklearn-pandas==1.7.0
slicer==0.0.7
smart-open==1.9.0
smmap==5.0.0
sortedcontainers==2.4.0
sqlparse==0.4.3
statsmodels==0.11.0
tabulate==0.9.0
tblib==1.7.0
termcolor==2.0.1
tornado==6.2
typing-extensions==4.4.0
websocket-client==1.4.1
zict==2.2.0
zipp==3.9.0
2022-12-01 01:00:19.357 - WARNING - 8919 - azureml.automl.core.package_utilities._get_unverified_dependencies:320 - Skipping package validation check for non pypi packages:
certifi==2022.6.15
cffi==1.15.1
charset-normalizer==2.0.4
cryptography==38.0.1
idna==3.4
pycparser==2.21
requests==2.28.1
toolz==0.12.0
tqdm==4.64.1
urllib3==1.26.12
2022-12-01 01:00:19.357 - INFO - 8919 - azureml.automl.core.package_utilities._get_package_incompatibilities:516 - No package incompatibilities found.
2022-12-01 01:00:19.357 - INFO - 8919 - azureml.automl.core.package_utilities._log_activity:89 - ActivityCompleted: Activity=PackagesCheck, HowEnded=Success, Duration=708.64[ms]
2022-12-01 01:00:19.358 - INFO - 8919 - azureml.automl.core.systemusage_telemetry.start:42 - Starting usage telemetry collection
2022-12-01 01:00:19.369 - INFO - 8919 - azureml.automl.core.systemusage_telemetry.stop:49 - Stopping usage telemetry collection
2022-12-01 04:31:07.237 - INFO - 8919 - azureml.train.automl._local_managed_utils.is_docker_installed:354 - Docker is installed with Docker version 20.10.21+azure-1, build baeda1f82a10204ec5708d5fbba130ad76cfee49
.
2022-12-01 04:31:07.240 - INFO - 8919 - azureml.train.automl.automlconfig._start_execution:229 - Submitting remote.
